18:57:50.602 [main] DEBUG - Save content types part
18:57:50.646 [main] DEBUG - Save package relationships
18:57:50.649 [main] DEBUG - Save part 'docProps/app.xml'
18:57:50.650 [main] DEBUG - Save part 'docProps/core.xml'
18:57:50.653 [main] DEBUG - Save part 'xl/printerSettings/printerSettings1.bin'
18:57:50.654 [main] DEBUG - Save part 'xl/sharedStrings.xml'
18:57:50.655 [main] DEBUG - Save part 'xl/styles.xml'
18:57:50.656 [main] DEBUG - Save part 'xl/theme/theme1.xml'
18:57:50.657 [main] DEBUG - Save part 'xl/workbook.xml'
18:57:50.665 [main] DEBUG - Save part 'xl/worksheets/sheet1.xml'
18:57:50.666 [main] DEBUG - Save part 'xl/worksheets/sheet2.xml'
18:57:50.667 [main] DEBUG - Save part 'xl/worksheets/sheet3.xml'
18:57:50.668 [main] DEBUG - Save part 'xl/worksheets/sheet4.xml'
18:57:50.669 [main] DEBUG - Save part 'xl/worksheets/sheet5.xml'
18:57:50.670 [main] DEBUG - Save part 'xl/worksheets/sheet6.xml'
18:57:50.671 [main] DEBUG - Save part 'xl/worksheets/sheet7.xml'
18:57:50.677 [main] DEBUG - Save part 'xl/worksheets/sheet8.xml'
18:57:50.678 [main] DEBUG - Save part 'xl/worksheets/sheet9.xml'
18:57:50.679 [main] DEBUG - Save part 'xl/worksheets/sheet10.xml'
18:57:50.680 [main] DEBUG - Save part 'xl/worksheets/sheet11.xml'
18:57:50.751 [main] DEBUG - Parsing relationship: /xl/_rels/workbook.xml.rels
18:57:50.753 [main] DEBUG - Parsing relationship: /xl/worksheets/_rels/sheet7.xml.rels
18:57:50.755 [main] DEBUG - Parsing relationship: /_rels/.rels
18:57:50.815 [main] DEBUG - using default POIXMLDocumentPart for http://schemas.openxmlformats.org/officeDocument/2006/relationships/printerSettings
18:57:51.034 [main] DEBUG - Save content types part
18:57:51.038 [main] DEBUG - Save package relationships
18:57:51.041 [main] DEBUG - Save part 'docProps/app.xml'
18:57:51.043 [main] DEBUG - Save part 'docProps/core.xml'
18:57:51.047 [main] DEBUG - Save part 'xl/printerSettings/printerSettings1.bin'
18:57:51.048 [main] DEBUG - Save part 'xl/sharedStrings.xml'
18:57:51.050 [main] DEBUG - Save part 'xl/styles.xml'
18:57:51.050 [main] DEBUG - Save part 'xl/theme/theme1.xml'
18:57:51.051 [main] DEBUG - Save part 'xl/workbook.xml'
18:57:51.055 [main] DEBUG - Save part 'xl/worksheets/sheet1.xml'
18:57:51.056 [main] DEBUG - Save part 'xl/worksheets/sheet2.xml'
18:57:51.058 [main] DEBUG - Save part 'xl/worksheets/sheet3.xml'
18:57:51.058 [main] DEBUG - Save part 'xl/worksheets/sheet4.xml'
18:57:51.061 [main] DEBUG - Save part 'xl/worksheets/sheet5.xml'
18:57:51.062 [main] DEBUG - Save part 'xl/worksheets/sheet6.xml'
18:57:51.063 [main] DEBUG - Save part 'xl/worksheets/sheet7.xml'
18:57:51.067 [main] DEBUG - Save part 'xl/worksheets/sheet8.xml'
18:57:51.068 [main] DEBUG - Save part 'xl/worksheets/sheet9.xml'
18:57:51.069 [main] DEBUG - Save part 'xl/worksheets/sheet10.xml'
18:57:51.070 [main] DEBUG - Save part 'xl/worksheets/sheet11.xml'
18:57:51.137 [main] DEBUG - Parsing relationship: /xl/_rels/workbook.xml.rels
18:57:51.139 [main] DEBUG - Parsing relationship: /xl/worksheets/_rels/sheet7.xml.rels
18:57:51.141 [main] DEBUG - Parsing relationship: /_rels/.rels
18:57:51.199 [main] DEBUG - using default POIXMLDocumentPart for http://schemas.openxmlformats.org/officeDocument/2006/relationships/printerSettings
18:57:51.358 [main] DEBUG - Save content types part
18:57:51.362 [main] DEBUG - Save package relationships
18:57:51.366 [main] DEBUG - Save part 'docProps/app.xml'
18:57:51.367 [main] DEBUG - Save part 'docProps/core.xml'
18:57:51.369 [main] DEBUG - Save part 'xl/printerSettings/printerSettings1.bin'
18:57:51.370 [main] DEBUG - Save part 'xl/sharedStrings.xml'
18:57:51.372 [main] DEBUG - Save part 'xl/styles.xml'
18:57:51.377 [main] DEBUG - Save part 'xl/theme/theme1.xml'
18:57:51.380 [main] DEBUG - Save part 'xl/workbook.xml'
18:57:51.386 [main] DEBUG - Save part 'xl/worksheets/sheet1.xml'
18:57:51.387 [main] DEBUG - Save part 'xl/worksheets/sheet2.xml'
18:57:51.388 [main] DEBUG - Save part 'xl/worksheets/sheet3.xml'
18:57:51.388 [main] DEBUG - Save part 'xl/worksheets/sheet4.xml'
18:57:51.390 [main] DEBUG - Save part 'xl/worksheets/sheet5.xml'
18:57:51.391 [main] DEBUG - Save part 'xl/worksheets/sheet6.xml'
18:57:51.393 [main] DEBUG - Save part 'xl/worksheets/sheet7.xml'
18:57:51.396 [main] DEBUG - Save part 'xl/worksheets/sheet8.xml'
18:57:51.411 [main] DEBUG - Save part 'xl/worksheets/sheet9.xml'
18:57:51.412 [main] DEBUG - Save part 'xl/worksheets/sheet10.xml'
18:57:51.413 [main] DEBUG - Save part 'xl/worksheets/sheet11.xml'
18:57:54.854 [main] DEBUG - Parsing relationship: /xl/_rels/workbook.xml.rels
18:57:54.856 [main] DEBUG - Parsing relationship: /xl/worksheets/_rels/sheet7.xml.rels
18:57:54.860 [main] DEBUG - Parsing relationship: /_rels/.rels
18:57:54.909 [main] DEBUG - using default POIXMLDocumentPart for http://schemas.openxmlformats.org/officeDocument/2006/relationships/printerSettings
18:57:55.100 [main] DEBUG - Save content types part
18:57:55.104 [main] DEBUG - Save package relationships
18:57:55.107 [main] DEBUG - Save part 'docProps/app.xml'
18:57:55.109 [main] DEBUG - Save part 'docProps/core.xml'
18:57:55.113 [main] DEBUG - Save part 'xl/printerSettings/printerSettings1.bin'
18:57:55.114 [main] DEBUG - Save part 'xl/sharedStrings.xml'
18:57:55.117 [main] DEBUG - Save part 'xl/styles.xml'
18:57:55.118 [main] DEBUG - Save part 'xl/theme/theme1.xml'
18:57:55.119 [main] DEBUG - Save part 'xl/workbook.xml'
18:57:55.127 [main] DEBUG - Save part 'xl/worksheets/sheet1.xml'
18:57:55.128 [main] DEBUG - Save part 'xl/worksheets/sheet2.xml'
18:57:55.129 [main] DEBUG - Save part 'xl/worksheets/sheet3.xml'
18:57:55.131 [main] DEBUG - Save part 'xl/worksheets/sheet4.xml'
18:57:55.133 [main] DEBUG - Save part 'xl/worksheets/sheet5.xml'
18:57:55.134 [main] DEBUG - Save part 'xl/worksheets/sheet6.xml'
18:57:55.136 [main] DEBUG - Save part 'xl/worksheets/sheet7.xml'
18:57:55.144 [main] DEBUG - Save part 'xl/worksheets/sheet8.xml'
18:57:55.146 [main] DEBUG - Save part 'xl/worksheets/sheet9.xml'
18:57:55.147 [main] DEBUG - Save part 'xl/worksheets/sheet10.xml'
18:57:55.149 [main] DEBUG - Save part 'xl/worksheets/sheet11.xml'
18:57:56.249 [main] DEBUG - Parsing relationship: /xl/_rels/workbook.xml.rels
18:57:56.251 [main] DEBUG - Parsing relationship: /xl/worksheets/_rels/sheet7.xml.rels
18:57:56.253 [main] DEBUG - Parsing relationship: /_rels/.rels
18:57:56.300 [main] DEBUG - using default POIXMLDocumentPart for http://schemas.openxmlformats.org/officeDocument/2006/relationships/printerSettings
18:57:56.433 [main] DEBUG - Save content types part
18:57:56.436 [main] DEBUG - Save package relationships
18:57:56.438 [main] DEBUG - Save part 'docProps/app.xml'
18:57:56.439 [main] DEBUG - Save part 'docProps/core.xml'
18:57:56.446 [main] DEBUG - Save part 'xl/printerSettings/printerSettings1.bin'
18:57:56.447 [main] DEBUG - Save part 'xl/sharedStrings.xml'
18:57:56.449 [main] DEBUG - Save part 'xl/styles.xml'
18:57:56.449 [main] DEBUG - Save part 'xl/theme/theme1.xml'
18:57:56.450 [main] DEBUG - Save part 'xl/workbook.xml'
18:57:56.454 [main] DEBUG - Save part 'xl/worksheets/sheet1.xml'
18:57:56.455 [main] DEBUG - Save part 'xl/worksheets/sheet2.xml'
18:57:56.456 [main] DEBUG - Save part 'xl/worksheets/sheet3.xml'
18:57:56.457 [main] DEBUG - Save part 'xl/worksheets/sheet4.xml'
18:57:56.458 [main] DEBUG - Save part 'xl/worksheets/sheet5.xml'
18:57:56.462 [main] DEBUG - Save part 'xl/worksheets/sheet6.xml'
18:57:56.463 [main] DEBUG - Save part 'xl/worksheets/sheet7.xml'
18:57:56.466 [main] DEBUG - Save part 'xl/worksheets/sheet8.xml'
18:57:56.467 [main] DEBUG - Save part 'xl/worksheets/sheet9.xml'
18:57:56.468 [main] DEBUG - Save part 'xl/worksheets/sheet10.xml'
18:57:56.469 [main] DEBUG - Save part 'xl/worksheets/sheet11.xml'
18:57:56.638 [main] DEBUG - Parsing relationship: /xl/_rels/workbook.xml.rels
18:57:56.640 [main] DEBUG - Parsing relationship: /xl/worksheets/_rels/sheet7.xml.rels
18:57:56.642 [main] DEBUG - Parsing relationship: /_rels/.rels
18:57:56.679 [main] DEBUG - using default POIXMLDocumentPart for http://schemas.openxmlformats.org/officeDocument/2006/relationships/printerSettings
18:57:56.855 [main] DEBUG - Save content types part
18:57:56.859 [main] DEBUG - Save package relationships
18:57:56.862 [main] DEBUG - Save part 'docProps/app.xml'
18:57:56.864 [main] DEBUG - Save part 'docProps/core.xml'
18:57:56.867 [main] DEBUG - Save part 'xl/printerSettings/printerSettings1.bin'
18:57:56.868 [main] DEBUG - Save part 'xl/sharedStrings.xml'
18:57:56.870 [main] DEBUG - Save part 'xl/styles.xml'
18:57:56.872 [main] DEBUG - Save part 'xl/theme/theme1.xml'
18:57:56.872 [main] DEBUG - Save part 'xl/workbook.xml'
18:57:56.880 [main] DEBUG - Save part 'xl/worksheets/sheet1.xml'
18:57:56.881 [main] DEBUG - Save part 'xl/worksheets/sheet2.xml'
18:57:56.882 [main] DEBUG - Save part 'xl/worksheets/sheet3.xml'
18:57:56.882 [main] DEBUG - Save part 'xl/worksheets/sheet4.xml'
18:57:56.885 [main] DEBUG - Save part 'xl/worksheets/sheet5.xml'
18:57:56.886 [main] DEBUG - Save part 'xl/worksheets/sheet6.xml'
18:57:56.887 [main] DEBUG - Save part 'xl/worksheets/sheet7.xml'
18:57:56.890 [main] DEBUG - Save part 'xl/worksheets/sheet8.xml'
18:57:56.892 [main] DEBUG - Save part 'xl/worksheets/sheet9.xml'
18:57:56.894 [main] DEBUG - Save part 'xl/worksheets/sheet10.xml'
18:57:56.895 [main] DEBUG - Save part 'xl/worksheets/sheet11.xml'
18:57:57.338 [main] DEBUG - Parsing relationship: /xl/_rels/workbook.xml.rels
18:57:57.343 [main] DEBUG - Parsing relationship: /xl/worksheets/_rels/sheet7.xml.rels
18:57:57.345 [main] DEBUG - Parsing relationship: /_rels/.rels
18:57:57.378 [main] DEBUG - using default POIXMLDocumentPart for http://schemas.openxmlformats.org/officeDocument/2006/relationships/printerSettings
18:57:57.500 [main] DEBUG - Save content types part
18:57:57.502 [main] DEBUG - Save package relationships
18:57:57.504 [main] DEBUG - Save part 'docProps/app.xml'
18:57:57.504 [main] DEBUG - Save part 'docProps/core.xml'
18:57:57.511 [main] DEBUG - Save part 'xl/printerSettings/printerSettings1.bin'
18:57:57.511 [main] DEBUG - Save part 'xl/sharedStrings.xml'
18:57:57.513 [main] DEBUG - Save part 'xl/styles.xml'
18:57:57.513 [main] DEBUG - Save part 'xl/theme/theme1.xml'
18:57:57.515 [main] DEBUG - Save part 'xl/workbook.xml'
18:57:57.518 [main] DEBUG - Save part 'xl/worksheets/sheet1.xml'
18:57:57.518 [main] DEBUG - Save part 'xl/worksheets/sheet2.xml'
18:57:57.521 [main] DEBUG - Save part 'xl/worksheets/sheet3.xml'
18:57:57.522 [main] DEBUG - Save part 'xl/worksheets/sheet4.xml'
18:57:57.523 [main] DEBUG - Save part 'xl/worksheets/sheet5.xml'
18:57:57.524 [main] DEBUG - Save part 'xl/worksheets/sheet6.xml'
18:57:57.526 [main] DEBUG - Save part 'xl/worksheets/sheet7.xml'
18:57:57.530 [main] DEBUG - Save part 'xl/worksheets/sheet8.xml'
18:57:57.531 [main] DEBUG - Save part 'xl/worksheets/sheet9.xml'
18:57:57.531 [main] DEBUG - Save part 'xl/worksheets/sheet10.xml'
18:57:57.531 [main] DEBUG - Save part 'xl/worksheets/sheet11.xml'
18:57:57.597 [main] DEBUG - Parsing relationship: /xl/_rels/workbook.xml.rels
18:57:57.599 [main] DEBUG - Parsing relationship: /xl/worksheets/_rels/sheet7.xml.rels
18:57:57.600 [main] DEBUG - Parsing relationship: /_rels/.rels
18:57:57.624 [main] DEBUG - using default POIXMLDocumentPart for http://schemas.openxmlformats.org/officeDocument/2006/relationships/printerSettings
18:57:57.732 [main] DEBUG - Save content types part
18:57:57.735 [main] DEBUG - Save package relationships
18:57:57.738 [main] DEBUG - Save part 'docProps/app.xml'
18:57:57.738 [main] DEBUG - Save part 'docProps/core.xml'
18:57:57.742 [main] DEBUG - Save part 'xl/printerSettings/printerSettings1.bin'
18:57:57.744 [main] DEBUG - Save part 'xl/sharedStrings.xml'
18:57:57.745 [main] DEBUG - Save part 'xl/styles.xml'
18:57:57.746 [main] DEBUG - Save part 'xl/theme/theme1.xml'
18:57:57.747 [main] DEBUG - Save part 'xl/workbook.xml'
18:57:57.750 [main] DEBUG - Save part 'xl/worksheets/sheet1.xml'
18:57:57.751 [main] DEBUG - Save part 'xl/worksheets/sheet2.xml'
18:57:57.752 [main] DEBUG - Save part 'xl/worksheets/sheet3.xml'
18:57:57.753 [main] DEBUG - Save part 'xl/worksheets/sheet4.xml'
18:57:57.754 [main] DEBUG - Save part 'xl/worksheets/sheet5.xml'
18:57:57.755 [main] DEBUG - Save part 'xl/worksheets/sheet6.xml'
18:57:57.756 [main] DEBUG - Save part 'xl/worksheets/sheet7.xml'
18:57:57.762 [main] DEBUG - Save part 'xl/worksheets/sheet8.xml'
18:57:57.763 [main] DEBUG - Save part 'xl/worksheets/sheet9.xml'
18:57:57.764 [main] DEBUG - Save part 'xl/worksheets/sheet10.xml'
18:57:57.765 [main] DEBUG - Save part 'xl/worksheets/sheet11.xml'
18:57:57.833 [main] DEBUG - Parsing relationship: /xl/_rels/workbook.xml.rels
18:57:57.834 [main] DEBUG - Parsing relationship: /xl/worksheets/_rels/sheet7.xml.rels
18:57:57.836 [main] DEBUG - Parsing relationship: /_rels/.rels
18:57:57.866 [main] DEBUG - using default POIXMLDocumentPart for http://schemas.openxmlformats.org/officeDocument/2006/relationships/printerSettings
18:57:57.982 [main] DEBUG - Save content types part
18:57:57.984 [main] DEBUG - Save package relationships
18:57:57.987 [main] DEBUG - Save part 'docProps/app.xml'
18:57:57.988 [main] DEBUG - Save part 'docProps/core.xml'
18:57:57.992 [main] DEBUG - Save part 'xl/printerSettings/printerSettings1.bin'
18:57:57.992 [main] DEBUG - Save part 'xl/sharedStrings.xml'
18:57:57.994 [main] DEBUG - Save part 'xl/styles.xml'
18:57:57.995 [main] DEBUG - Save part 'xl/theme/theme1.xml'
18:57:57.996 [main] DEBUG - Save part 'xl/workbook.xml'
18:57:58.000 [main] DEBUG - Save part 'xl/worksheets/sheet1.xml'
18:57:58.000 [main] DEBUG - Save part 'xl/worksheets/sheet2.xml'
18:57:58.001 [main] DEBUG - Save part 'xl/worksheets/sheet3.xml'
18:57:58.002 [main] DEBUG - Save part 'xl/worksheets/sheet4.xml'
18:57:58.003 [main] DEBUG - Save part 'xl/worksheets/sheet5.xml'
18:57:58.004 [main] DEBUG - Save part 'xl/worksheets/sheet6.xml'
18:57:58.005 [main] DEBUG - Save part 'xl/worksheets/sheet7.xml'
18:57:58.011 [main] DEBUG - Save part 'xl/worksheets/sheet8.xml'
18:57:58.012 [main] DEBUG - Save part 'xl/worksheets/sheet9.xml'
18:57:58.013 [main] DEBUG - Save part 'xl/worksheets/sheet10.xml'
18:57:58.014 [main] DEBUG - Save part 'xl/worksheets/sheet11.xml'
18:57:58.569 [main] DEBUG - Parsing relationship: /xl/_rels/workbook.xml.rels
18:57:58.571 [main] DEBUG - Parsing relationship: /xl/worksheets/_rels/sheet7.xml.rels
18:57:58.572 [main] DEBUG - Parsing relationship: /_rels/.rels
18:57:58.601 [main] DEBUG - using default POIXMLDocumentPart for http://schemas.openxmlformats.org/officeDocument/2006/relationships/printerSettings
18:57:58.704 [main] DEBUG - Save content types part
18:57:58.706 [main] DEBUG - Save package relationships
18:57:58.710 [main] DEBUG - Save part 'docProps/app.xml'
18:57:58.710 [main] DEBUG - Save part 'docProps/core.xml'
18:57:58.714 [main] DEBUG - Save part 'xl/printerSettings/printerSettings1.bin'
18:57:58.714 [main] DEBUG - Save part 'xl/sharedStrings.xml'
18:57:58.716 [main] DEBUG - Save part 'xl/styles.xml'
18:57:58.717 [main] DEBUG - Save part 'xl/theme/theme1.xml'
18:57:58.718 [main] DEBUG - Save part 'xl/workbook.xml'
18:57:58.721 [main] DEBUG - Save part 'xl/worksheets/sheet1.xml'
18:57:58.722 [main] DEBUG - Save part 'xl/worksheets/sheet2.xml'
18:57:58.723 [main] DEBUG - Save part 'xl/worksheets/sheet3.xml'
18:57:58.725 [main] DEBUG - Save part 'xl/worksheets/sheet4.xml'
18:57:58.727 [main] DEBUG - Save part 'xl/worksheets/sheet5.xml'
18:57:58.728 [main] DEBUG - Save part 'xl/worksheets/sheet6.xml'
18:57:58.729 [main] DEBUG - Save part 'xl/worksheets/sheet7.xml'
18:57:58.732 [main] DEBUG - Save part 'xl/worksheets/sheet8.xml'
18:57:58.733 [main] DEBUG - Save part 'xl/worksheets/sheet9.xml'
18:57:58.734 [main] DEBUG - Save part 'xl/worksheets/sheet10.xml'
18:57:58.735 [main] DEBUG - Save part 'xl/worksheets/sheet11.xml'
18:57:59.234 [main] DEBUG - Parsing relationship: /xl/_rels/workbook.xml.rels
18:57:59.235 [main] DEBUG - Parsing relationship: /xl/worksheets/_rels/sheet7.xml.rels
18:57:59.236 [main] DEBUG - Parsing relationship: /_rels/.rels
18:57:59.265 [main] DEBUG - using default POIXMLDocumentPart for http://schemas.openxmlformats.org/officeDocument/2006/relationships/printerSettings
18:57:59.364 [main] DEBUG - Save content types part
18:57:59.371 [main] DEBUG - Save package relationships
18:57:59.373 [main] DEBUG - Save part 'docProps/app.xml'
18:57:59.374 [main] DEBUG - Save part 'docProps/core.xml'
18:57:59.377 [main] DEBUG - Save part 'xl/printerSettings/printerSettings1.bin'
18:57:59.377 [main] DEBUG - Save part 'xl/sharedStrings.xml'
18:57:59.379 [main] DEBUG - Save part 'xl/styles.xml'
18:57:59.379 [main] DEBUG - Save part 'xl/theme/theme1.xml'
18:57:59.380 [main] DEBUG - Save part 'xl/workbook.xml'
18:57:59.383 [main] DEBUG - Save part 'xl/worksheets/sheet1.xml'
18:57:59.383 [main] DEBUG - Save part 'xl/worksheets/sheet2.xml'
18:57:59.384 [main] DEBUG - Save part 'xl/worksheets/sheet3.xml'
18:57:59.384 [main] DEBUG - Save part 'xl/worksheets/sheet4.xml'
18:57:59.385 [main] DEBUG - Save part 'xl/worksheets/sheet5.xml'
18:57:59.386 [main] DEBUG - Save part 'xl/worksheets/sheet6.xml'
18:57:59.387 [main] DEBUG - Save part 'xl/worksheets/sheet7.xml'
18:57:59.389 [main] DEBUG - Save part 'xl/worksheets/sheet8.xml'
18:57:59.390 [main] DEBUG - Save part 'xl/worksheets/sheet9.xml'
18:57:59.391 [main] DEBUG - Save part 'xl/worksheets/sheet10.xml'
18:57:59.392 [main] DEBUG - Save part 'xl/worksheets/sheet11.xml'
18:57:59.480 [main] DEBUG - Parsing relationship: /xl/_rels/workbook.xml.rels
18:57:59.481 [main] DEBUG - Parsing relationship: /xl/worksheets/_rels/sheet7.xml.rels
18:57:59.482 [main] DEBUG - Parsing relationship: /_rels/.rels
18:57:59.507 [main] DEBUG - using default POIXMLDocumentPart for http://schemas.openxmlformats.org/officeDocument/2006/relationships/printerSettings
18:57:59.600 [main] DEBUG - Save content types part
18:57:59.603 [main] DEBUG - Save package relationships
18:57:59.605 [main] DEBUG - Save part 'docProps/app.xml'
18:57:59.606 [main] DEBUG - Save part 'docProps/core.xml'
18:57:59.609 [main] DEBUG - Save part 'xl/printerSettings/printerSettings1.bin'
18:57:59.610 [main] DEBUG - Save part 'xl/sharedStrings.xml'
18:57:59.611 [main] DEBUG - Save part 'xl/styles.xml'
18:57:59.612 [main] DEBUG - Save part 'xl/theme/theme1.xml'
18:57:59.613 [main] DEBUG - Save part 'xl/workbook.xml'
18:57:59.616 [main] DEBUG - Save part 'xl/worksheets/sheet1.xml'
18:57:59.617 [main] DEBUG - Save part 'xl/worksheets/sheet2.xml'
18:57:59.617 [main] DEBUG - Save part 'xl/worksheets/sheet3.xml'
18:57:59.618 [main] DEBUG - Save part 'xl/worksheets/sheet4.xml'
18:57:59.619 [main] DEBUG - Save part 'xl/worksheets/sheet5.xml'
18:57:59.620 [main] DEBUG - Save part 'xl/worksheets/sheet6.xml'
18:57:59.621 [main] DEBUG - Save part 'xl/worksheets/sheet7.xml'
18:57:59.626 [main] DEBUG - Save part 'xl/worksheets/sheet8.xml'
18:57:59.628 [main] DEBUG - Save part 'xl/worksheets/sheet9.xml'
18:57:59.629 [main] DEBUG - Save part 'xl/worksheets/sheet10.xml'
18:57:59.630 [main] DEBUG - Save part 'xl/worksheets/sheet11.xml'
18:58:00.102 [main] DEBUG - Parsing relationship: /xl/_rels/workbook.xml.rels
18:58:00.103 [main] DEBUG - Parsing relationship: /xl/worksheets/_rels/sheet7.xml.rels
18:58:00.104 [main] DEBUG - Parsing relationship: /_rels/.rels
18:58:00.145 [main] DEBUG - using default POIXMLDocumentPart for http://schemas.openxmlformats.org/officeDocument/2006/relationships/printerSettings
18:58:00.254 [main] DEBUG - Save content types part
18:58:00.260 [main] DEBUG - Save package relationships
18:58:00.262 [main] DEBUG - Save part 'docProps/app.xml'
18:58:00.263 [main] DEBUG - Save part 'docProps/core.xml'
18:58:00.265 [main] DEBUG - Save part 'xl/printerSettings/printerSettings1.bin'
18:58:00.266 [main] DEBUG - Save part 'xl/sharedStrings.xml'
18:58:00.268 [main] DEBUG - Save part 'xl/styles.xml'
18:58:00.269 [main] DEBUG - Save part 'xl/theme/theme1.xml'
18:58:00.270 [main] DEBUG - Save part 'xl/workbook.xml'
18:58:00.273 [main] DEBUG - Save part 'xl/worksheets/sheet1.xml'
18:58:00.275 [main] DEBUG - Save part 'xl/worksheets/sheet2.xml'
18:58:00.276 [main] DEBUG - Save part 'xl/worksheets/sheet3.xml'
18:58:00.277 [main] DEBUG - Save part 'xl/worksheets/sheet4.xml'
18:58:00.281 [main] DEBUG - Save part 'xl/worksheets/sheet5.xml'
18:58:00.282 [main] DEBUG - Save part 'xl/worksheets/sheet6.xml'
18:58:00.284 [main] DEBUG - Save part 'xl/worksheets/sheet7.xml'
18:58:00.286 [main] DEBUG - Save part 'xl/worksheets/sheet8.xml'
18:58:00.287 [main] DEBUG - Save part 'xl/worksheets/sheet9.xml'
18:58:00.288 [main] DEBUG - Save part 'xl/worksheets/sheet10.xml'
18:58:00.293 [main] DEBUG - Save part 'xl/worksheets/sheet11.xml'
18:58:00.388 [main] DEBUG - Parsing relationship: /xl/_rels/workbook.xml.rels
18:58:00.389 [main] DEBUG - Parsing relationship: /xl/worksheets/_rels/sheet7.xml.rels
18:58:00.390 [main] DEBUG - Parsing relationship: /_rels/.rels
18:58:00.415 [main] DEBUG - using default POIXMLDocumentPart for http://schemas.openxmlformats.org/officeDocument/2006/relationships/printerSettings
18:58:00.530 [main] DEBUG - Save content types part
18:58:00.533 [main] DEBUG - Save package relationships
18:58:00.535 [main] DEBUG - Save part 'docProps/app.xml'
18:58:00.536 [main] DEBUG - Save part 'docProps/core.xml'
18:58:00.538 [main] DEBUG - Save part 'xl/printerSettings/printerSettings1.bin'
18:58:00.540 [main] DEBUG - Save part 'xl/sharedStrings.xml'
18:58:00.544 [main] DEBUG - Save part 'xl/styles.xml'
18:58:00.545 [main] DEBUG - Save part 'xl/theme/theme1.xml'
18:58:00.546 [main] DEBUG - Save part 'xl/workbook.xml'
18:58:00.548 [main] DEBUG - Save part 'xl/worksheets/sheet1.xml'
18:58:00.549 [main] DEBUG - Save part 'xl/worksheets/sheet2.xml'
18:58:00.550 [main] DEBUG - Save part 'xl/worksheets/sheet3.xml'
18:58:00.551 [main] DEBUG - Save part 'xl/worksheets/sheet4.xml'
18:58:00.552 [main] DEBUG - Save part 'xl/worksheets/sheet5.xml'
18:58:00.553 [main] DEBUG - Save part 'xl/worksheets/sheet6.xml'
18:58:00.554 [main] DEBUG - Save part 'xl/worksheets/sheet7.xml'
18:58:00.556 [main] DEBUG - Save part 'xl/worksheets/sheet8.xml'
18:58:00.558 [main] DEBUG - Save part 'xl/worksheets/sheet9.xml'
18:58:00.559 [main] DEBUG - Save part 'xl/worksheets/sheet10.xml'
18:58:00.560 [main] DEBUG - Save part 'xl/worksheets/sheet11.xml'
18:58:00.603 [main] DEBUG - Parsing relationship: /xl/_rels/workbook.xml.rels
18:58:00.605 [main] DEBUG - Parsing relationship: /xl/worksheets/_rels/sheet7.xml.rels
18:58:00.606 [main] DEBUG - Parsing relationship: /_rels/.rels
18:58:00.629 [main] DEBUG - using default POIXMLDocumentPart for http://schemas.openxmlformats.org/officeDocument/2006/relationships/printerSettings
18:58:00.721 [main] DEBUG - Save content types part
18:58:00.723 [main] DEBUG - Save package relationships
18:58:00.727 [main] DEBUG - Save part 'docProps/app.xml'
18:58:00.728 [main] DEBUG - Save part 'docProps/core.xml'
18:58:00.730 [main] DEBUG - Save part 'xl/printerSettings/printerSettings1.bin'
18:58:00.731 [main] DEBUG - Save part 'xl/sharedStrings.xml'
18:58:00.732 [main] DEBUG - Save part 'xl/styles.xml'
18:58:00.733 [main] DEBUG - Save part 'xl/theme/theme1.xml'
18:58:00.734 [main] DEBUG - Save part 'xl/workbook.xml'
18:58:00.737 [main] DEBUG - Save part 'xl/worksheets/sheet1.xml'
18:58:00.738 [main] DEBUG - Save part 'xl/worksheets/sheet2.xml'
18:58:00.738 [main] DEBUG - Save part 'xl/worksheets/sheet3.xml'
18:58:00.739 [main] DEBUG - Save part 'xl/worksheets/sheet4.xml'
18:58:00.740 [main] DEBUG - Save part 'xl/worksheets/sheet5.xml'
18:58:00.741 [main] DEBUG - Save part 'xl/worksheets/sheet6.xml'
18:58:00.742 [main] DEBUG - Save part 'xl/worksheets/sheet7.xml'
18:58:00.745 [main] DEBUG - Save part 'xl/worksheets/sheet8.xml'
18:58:00.745 [main] DEBUG - Save part 'xl/worksheets/sheet9.xml'
18:58:00.746 [main] DEBUG - Save part 'xl/worksheets/sheet10.xml'
18:58:00.747 [main] DEBUG - Save part 'xl/worksheets/sheet11.xml'
18:58:01.227 [main] DEBUG - Parsing relationship: /xl/_rels/workbook.xml.rels
18:58:01.229 [main] DEBUG - Parsing relationship: /xl/worksheets/_rels/sheet7.xml.rels
18:58:01.230 [main] DEBUG - Parsing relationship: /_rels/.rels
18:58:01.247 [main] DEBUG - using default POIXMLDocumentPart for http://schemas.openxmlformats.org/officeDocument/2006/relationships/printerSettings
18:58:01.334 [main] DEBUG - Save content types part
18:58:01.337 [main] DEBUG - Save package relationships
18:58:01.338 [main] DEBUG - Save part 'docProps/app.xml'
18:58:01.339 [main] DEBUG - Save part 'docProps/core.xml'
18:58:01.343 [main] DEBUG - Save part 'xl/printerSettings/printerSettings1.bin'
18:58:01.344 [main] DEBUG - Save part 'xl/sharedStrings.xml'
18:58:01.345 [main] DEBUG - Save part 'xl/styles.xml'
18:58:01.345 [main] DEBUG - Save part 'xl/theme/theme1.xml'
18:58:01.346 [main] DEBUG - Save part 'xl/workbook.xml'
18:58:01.349 [main] DEBUG - Save part 'xl/worksheets/sheet1.xml'
18:58:01.350 [main] DEBUG - Save part 'xl/worksheets/sheet2.xml'
18:58:01.350 [main] DEBUG - Save part 'xl/worksheets/sheet3.xml'
18:58:01.351 [main] DEBUG - Save part 'xl/worksheets/sheet4.xml'
18:58:01.352 [main] DEBUG - Save part 'xl/worksheets/sheet5.xml'
18:58:01.355 [main] DEBUG - Save part 'xl/worksheets/sheet6.xml'
18:58:01.360 [main] DEBUG - Save part 'xl/worksheets/sheet7.xml'
18:58:01.364 [main] DEBUG - Save part 'xl/worksheets/sheet8.xml'
18:58:01.365 [main] DEBUG - Save part 'xl/worksheets/sheet9.xml'
18:58:01.367 [main] DEBUG - Save part 'xl/worksheets/sheet10.xml'
18:58:01.367 [main] DEBUG - Save part 'xl/worksheets/sheet11.xml'
18:58:01.444 [main] DEBUG - Parsing relationship: /xl/_rels/workbook.xml.rels
18:58:01.446 [main] DEBUG - Parsing relationship: /xl/worksheets/_rels/sheet7.xml.rels
18:58:01.447 [main] DEBUG - Parsing relationship: /_rels/.rels
18:58:01.469 [main] DEBUG - using default POIXMLDocumentPart for http://schemas.openxmlformats.org/officeDocument/2006/relationships/printerSettings
18:58:01.545 [main] DEBUG - Save content types part
18:58:01.547 [main] DEBUG - Save package relationships
18:58:01.549 [main] DEBUG - Save part 'docProps/app.xml'
18:58:01.549 [main] DEBUG - Save part 'docProps/core.xml'
18:58:01.551 [main] DEBUG - Save part 'xl/printerSettings/printerSettings1.bin'
18:58:01.552 [main] DEBUG - Save part 'xl/sharedStrings.xml'
18:58:01.553 [main] DEBUG - Save part 'xl/styles.xml'
18:58:01.554 [main] DEBUG - Save part 'xl/theme/theme1.xml'
18:58:01.554 [main] DEBUG - Save part 'xl/workbook.xml'
18:58:01.557 [main] DEBUG - Save part 'xl/worksheets/sheet1.xml'
18:58:01.557 [main] DEBUG - Save part 'xl/worksheets/sheet2.xml'
18:58:01.558 [main] DEBUG - Save part 'xl/worksheets/sheet3.xml'
18:58:01.559 [main] DEBUG - Save part 'xl/worksheets/sheet4.xml'
18:58:01.560 [main] DEBUG - Save part 'xl/worksheets/sheet5.xml'
18:58:01.562 [main] DEBUG - Save part 'xl/worksheets/sheet6.xml'
18:58:01.563 [main] DEBUG - Save part 'xl/worksheets/sheet7.xml'
18:58:01.566 [main] DEBUG - Save part 'xl/worksheets/sheet8.xml'
18:58:01.567 [main] DEBUG - Save part 'xl/worksheets/sheet9.xml'
18:58:01.568 [main] DEBUG - Save part 'xl/worksheets/sheet10.xml'
18:58:01.569 [main] DEBUG - Save part 'xl/worksheets/sheet11.xml'
18:58:01.645 [main] DEBUG - Parsing relationship: /xl/_rels/workbook.xml.rels
18:58:01.647 [main] DEBUG - Parsing relationship: /xl/worksheets/_rels/sheet7.xml.rels
18:58:01.647 [main] DEBUG - Parsing relationship: /_rels/.rels
18:58:01.669 [main] DEBUG - using default POIXMLDocumentPart for http://schemas.openxmlformats.org/officeDocument/2006/relationships/printerSettings
18:58:01.759 [main] DEBUG - Save content types part
18:58:01.762 [main] DEBUG - Save package relationships
18:58:01.764 [main] DEBUG - Save part 'docProps/app.xml'
18:58:01.765 [main] DEBUG - Save part 'docProps/core.xml'
18:58:01.767 [main] DEBUG - Save part 'xl/printerSettings/printerSettings1.bin'
18:58:01.768 [main] DEBUG - Save part 'xl/sharedStrings.xml'
18:58:01.769 [main] DEBUG - Save part 'xl/styles.xml'
18:58:01.770 [main] DEBUG - Save part 'xl/theme/theme1.xml'
18:58:01.771 [main] DEBUG - Save part 'xl/workbook.xml'
18:58:01.775 [main] DEBUG - Save part 'xl/worksheets/sheet1.xml'
18:58:01.776 [main] DEBUG - Save part 'xl/worksheets/sheet2.xml'
18:58:01.777 [main] DEBUG - Save part 'xl/worksheets/sheet3.xml'
18:58:01.778 [main] DEBUG - Save part 'xl/worksheets/sheet4.xml'
18:58:01.778 [main] DEBUG - Save part 'xl/worksheets/sheet5.xml'
18:58:01.780 [main] DEBUG - Save part 'xl/worksheets/sheet6.xml'
18:58:01.781 [main] DEBUG - Save part 'xl/worksheets/sheet7.xml'
18:58:01.783 [main] DEBUG - Save part 'xl/worksheets/sheet8.xml'
18:58:01.784 [main] DEBUG - Save part 'xl/worksheets/sheet9.xml'
18:58:01.785 [main] DEBUG - Save part 'xl/worksheets/sheet10.xml'
18:58:01.786 [main] DEBUG - Save part 'xl/worksheets/sheet11.xml'
18:58:02.266 [main] DEBUG - Parsing relationship: /xl/_rels/workbook.xml.rels
18:58:02.267 [main] DEBUG - Parsing relationship: /xl/worksheets/_rels/sheet7.xml.rels
18:58:02.268 [main] DEBUG - Parsing relationship: /_rels/.rels
18:58:02.289 [main] DEBUG - using default POIXMLDocumentPart for http://schemas.openxmlformats.org/officeDocument/2006/relationships/printerSettings
18:58:02.379 [main] DEBUG - Save content types part
18:58:02.381 [main] DEBUG - Save package relationships
18:58:02.383 [main] DEBUG - Save part 'docProps/app.xml'
18:58:02.383 [main] DEBUG - Save part 'docProps/core.xml'
18:58:02.386 [main] DEBUG - Save part 'xl/printerSettings/printerSettings1.bin'
18:58:02.386 [main] DEBUG - Save part 'xl/sharedStrings.xml'
18:58:02.387 [main] DEBUG - Save part 'xl/styles.xml'
18:58:02.388 [main] DEBUG - Save part 'xl/theme/theme1.xml'
18:58:02.389 [main] DEBUG - Save part 'xl/workbook.xml'
18:58:02.392 [main] DEBUG - Save part 'xl/worksheets/sheet1.xml'
18:58:02.393 [main] DEBUG - Save part 'xl/worksheets/sheet2.xml'
18:58:02.394 [main] DEBUG - Save part 'xl/worksheets/sheet3.xml'
18:58:02.394 [main] DEBUG - Save part 'xl/worksheets/sheet4.xml'
18:58:02.396 [main] DEBUG - Save part 'xl/worksheets/sheet5.xml'
18:58:02.397 [main] DEBUG - Save part 'xl/worksheets/sheet6.xml'
18:58:02.399 [main] DEBUG - Save part 'xl/worksheets/sheet7.xml'
18:58:02.401 [main] DEBUG - Save part 'xl/worksheets/sheet8.xml'
18:58:02.403 [main] DEBUG - Save part 'xl/worksheets/sheet9.xml'
18:58:02.403 [main] DEBUG - Save part 'xl/worksheets/sheet10.xml'
18:58:02.404 [main] DEBUG - Save part 'xl/worksheets/sheet11.xml'
18:58:02.515 [main] DEBUG - Parsing relationship: /xl/_rels/workbook.xml.rels
18:58:02.517 [main] DEBUG - Parsing relationship: /xl/worksheets/_rels/sheet7.xml.rels
18:58:02.518 [main] DEBUG - Parsing relationship: /_rels/.rels
18:58:02.538 [main] DEBUG - using default POIXMLDocumentPart for http://schemas.openxmlformats.org/officeDocument/2006/relationships/printerSettings
18:58:02.636 [main] DEBUG - Save content types part
18:58:02.638 [main] DEBUG - Save package relationships
18:58:02.644 [main] DEBUG - Save part 'docProps/app.xml'
18:58:02.644 [main] DEBUG - Save part 'docProps/core.xml'
18:58:02.647 [main] DEBUG - Save part 'xl/printerSettings/printerSettings1.bin'
18:58:02.648 [main] DEBUG - Save part 'xl/sharedStrings.xml'
18:58:02.650 [main] DEBUG - Save part 'xl/styles.xml'
18:58:02.650 [main] DEBUG - Save part 'xl/theme/theme1.xml'
18:58:02.651 [main] DEBUG - Save part 'xl/workbook.xml'
18:58:02.654 [main] DEBUG - Save part 'xl/worksheets/sheet1.xml'
18:58:02.654 [main] DEBUG - Save part 'xl/worksheets/sheet2.xml'
18:58:02.655 [main] DEBUG - Save part 'xl/worksheets/sheet3.xml'
18:58:02.655 [main] DEBUG - Save part 'xl/worksheets/sheet4.xml'
18:58:02.658 [main] DEBUG - Save part 'xl/worksheets/sheet5.xml'
18:58:02.659 [main] DEBUG - Save part 'xl/worksheets/sheet6.xml'
18:58:02.660 [main] DEBUG - Save part 'xl/worksheets/sheet7.xml'
18:58:02.662 [main] DEBUG - Save part 'xl/worksheets/sheet8.xml'
18:58:02.664 [main] DEBUG - Save part 'xl/worksheets/sheet9.xml'
18:58:02.664 [main] DEBUG - Save part 'xl/worksheets/sheet10.xml'
18:58:02.665 [main] DEBUG - Save part 'xl/worksheets/sheet11.xml'
18:58:02.708 [main] DEBUG - Parsing relationship: /xl/_rels/workbook.xml.rels
18:58:02.709 [main] DEBUG - Parsing relationship: /xl/worksheets/_rels/sheet7.xml.rels
18:58:02.710 [main] DEBUG - Parsing relationship: /_rels/.rels
18:58:02.728 [main] DEBUG - using default POIXMLDocumentPart for http://schemas.openxmlformats.org/officeDocument/2006/relationships/printerSettings
18:58:02.814 [main] DEBUG - Save content types part
18:58:02.816 [main] DEBUG - Save package relationships
18:58:02.818 [main] DEBUG - Save part 'docProps/app.xml'
18:58:02.818 [main] DEBUG - Save part 'docProps/core.xml'
18:58:02.820 [main] DEBUG - Save part 'xl/printerSettings/printerSettings1.bin'
18:58:02.821 [main] DEBUG - Save part 'xl/sharedStrings.xml'
18:58:02.823 [main] DEBUG - Save part 'xl/styles.xml'
18:58:02.823 [main] DEBUG - Save part 'xl/theme/theme1.xml'
18:58:02.824 [main] DEBUG - Save part 'xl/workbook.xml'
18:58:02.827 [main] DEBUG - Save part 'xl/worksheets/sheet1.xml'
18:58:02.828 [main] DEBUG - Save part 'xl/worksheets/sheet2.xml'
18:58:02.828 [main] DEBUG - Save part 'xl/worksheets/sheet3.xml'
18:58:02.829 [main] DEBUG - Save part 'xl/worksheets/sheet4.xml'
18:58:02.830 [main] DEBUG - Save part 'xl/worksheets/sheet5.xml'
18:58:02.831 [main] DEBUG - Save part 'xl/worksheets/sheet6.xml'
18:58:02.832 [main] DEBUG - Save part 'xl/worksheets/sheet7.xml'
18:58:02.835 [main] DEBUG - Save part 'xl/worksheets/sheet8.xml'
18:58:02.837 [main] DEBUG - Save part 'xl/worksheets/sheet9.xml'
18:58:02.838 [main] DEBUG - Save part 'xl/worksheets/sheet10.xml'
18:58:02.839 [main] DEBUG - Save part 'xl/worksheets/sheet11.xml'
18:58:03.636 [main] DEBUG - Parsing relationship: /xl/_rels/workbook.xml.rels
18:58:03.637 [main] DEBUG - Parsing relationship: /xl/worksheets/_rels/sheet7.xml.rels
18:58:03.638 [main] DEBUG - Parsing relationship: /_rels/.rels
18:58:03.660 [main] DEBUG - using default POIXMLDocumentPart for http://schemas.openxmlformats.org/officeDocument/2006/relationships/printerSettings
18:58:03.747 [main] DEBUG - Save content types part
18:58:03.750 [main] DEBUG - Save package relationships
18:58:03.752 [main] DEBUG - Save part 'docProps/app.xml'
18:58:03.752 [main] DEBUG - Save part 'docProps/core.xml'
18:58:03.755 [main] DEBUG - Save part 'xl/printerSettings/printerSettings1.bin'
18:58:03.759 [main] DEBUG - Save part 'xl/sharedStrings.xml'
18:58:03.760 [main] DEBUG - Save part 'xl/styles.xml'
18:58:03.761 [main] DEBUG - Save part 'xl/theme/theme1.xml'
18:58:03.762 [main] DEBUG - Save part 'xl/workbook.xml'
18:58:03.764 [main] DEBUG - Save part 'xl/worksheets/sheet1.xml'
18:58:03.765 [main] DEBUG - Save part 'xl/worksheets/sheet2.xml'
18:58:03.765 [main] DEBUG - Save part 'xl/worksheets/sheet3.xml'
18:58:03.766 [main] DEBUG - Save part 'xl/worksheets/sheet4.xml'
18:58:03.767 [main] DEBUG - Save part 'xl/worksheets/sheet5.xml'
18:58:03.768 [main] DEBUG - Save part 'xl/worksheets/sheet6.xml'
18:58:03.769 [main] DEBUG - Save part 'xl/worksheets/sheet7.xml'
18:58:03.772 [main] DEBUG - Save part 'xl/worksheets/sheet8.xml'
18:58:03.775 [main] DEBUG - Save part 'xl/worksheets/sheet9.xml'
18:58:03.776 [main] DEBUG - Save part 'xl/worksheets/sheet10.xml'
18:58:03.777 [main] DEBUG - Save part 'xl/worksheets/sheet11.xml'
18:58:03.868 [main] DEBUG - Parsing relationship: /xl/_rels/workbook.xml.rels
18:58:03.869 [main] DEBUG - Parsing relationship: /xl/worksheets/_rels/sheet7.xml.rels
18:58:03.870 [main] DEBUG - Parsing relationship: /_rels/.rels
18:58:03.895 [main] DEBUG - using default POIXMLDocumentPart for http://schemas.openxmlformats.org/officeDocument/2006/relationships/printerSettings
18:58:03.978 [main] DEBUG - Save content types part
18:58:03.981 [main] DEBUG - Save package relationships
18:58:03.983 [main] DEBUG - Save part 'docProps/app.xml'
18:58:03.984 [main] DEBUG - Save part 'docProps/core.xml'
18:58:03.987 [main] DEBUG - Save part 'xl/printerSettings/printerSettings1.bin'
18:58:03.987 [main] DEBUG - Save part 'xl/sharedStrings.xml'
18:58:03.988 [main] DEBUG - Save part 'xl/styles.xml'
18:58:03.989 [main] DEBUG - Save part 'xl/theme/theme1.xml'
18:58:03.990 [main] DEBUG - Save part 'xl/workbook.xml'
18:58:03.993 [main] DEBUG - Save part 'xl/worksheets/sheet1.xml'
18:58:03.994 [main] DEBUG - Save part 'xl/worksheets/sheet2.xml'
18:58:03.994 [main] DEBUG - Save part 'xl/worksheets/sheet3.xml'
18:58:03.994 [main] DEBUG - Save part 'xl/worksheets/sheet4.xml'
18:58:03.995 [main] DEBUG - Save part 'xl/worksheets/sheet5.xml'
18:58:03.996 [main] DEBUG - Save part 'xl/worksheets/sheet6.xml'
18:58:03.997 [main] DEBUG - Save part 'xl/worksheets/sheet7.xml'
18:58:03.999 [main] DEBUG - Save part 'xl/worksheets/sheet8.xml'
18:58:04.005 [main] DEBUG - Save part 'xl/worksheets/sheet9.xml'
18:58:04.006 [main] DEBUG - Save part 'xl/worksheets/sheet10.xml'
18:58:04.006 [main] DEBUG - Save part 'xl/worksheets/sheet11.xml'
18:58:04.062 [main] DEBUG - Parsing relationship: /xl/_rels/workbook.xml.rels
18:58:04.064 [main] DEBUG - Parsing relationship: /xl/worksheets/_rels/sheet7.xml.rels
18:58:04.065 [main] DEBUG - Parsing relationship: /_rels/.rels
18:58:04.082 [main] DEBUG - using default POIXMLDocumentPart for http://schemas.openxmlformats.org/officeDocument/2006/relationships/printerSettings
18:58:04.159 [main] DEBUG - Save content types part
18:58:04.161 [main] DEBUG - Save package relationships
18:58:04.163 [main] DEBUG - Save part 'docProps/app.xml'
18:58:04.164 [main] DEBUG - Save part 'docProps/core.xml'
18:58:04.166 [main] DEBUG - Save part 'xl/printerSettings/printerSettings1.bin'
18:58:04.167 [main] DEBUG - Save part 'xl/sharedStrings.xml'
18:58:04.168 [main] DEBUG - Save part 'xl/styles.xml'
18:58:04.169 [main] DEBUG - Save part 'xl/theme/theme1.xml'
18:58:04.170 [main] DEBUG - Save part 'xl/workbook.xml'
18:58:04.172 [main] DEBUG - Save part 'xl/worksheets/sheet1.xml'
18:58:04.176 [main] DEBUG - Save part 'xl/worksheets/sheet2.xml'
18:58:04.176 [main] DEBUG - Save part 'xl/worksheets/sheet3.xml'
18:58:04.177 [main] DEBUG - Save part 'xl/worksheets/sheet4.xml'
18:58:04.177 [main] DEBUG - Save part 'xl/worksheets/sheet5.xml'
18:58:04.178 [main] DEBUG - Save part 'xl/worksheets/sheet6.xml'
18:58:04.179 [main] DEBUG - Save part 'xl/worksheets/sheet7.xml'
18:58:04.181 [main] DEBUG - Save part 'xl/worksheets/sheet8.xml'
18:58:04.182 [main] DEBUG - Save part 'xl/worksheets/sheet9.xml'
18:58:04.183 [main] DEBUG - Save part 'xl/worksheets/sheet10.xml'
18:58:04.183 [main] DEBUG - Save part 'xl/worksheets/sheet11.xml'
18:58:04.698 [main] DEBUG - Parsing relationship: /xl/_rels/workbook.xml.rels
18:58:04.700 [main] DEBUG - Parsing relationship: /xl/worksheets/_rels/sheet7.xml.rels
18:58:04.701 [main] DEBUG - Parsing relationship: /_rels/.rels
18:58:04.728 [main] DEBUG - using default POIXMLDocumentPart for http://schemas.openxmlformats.org/officeDocument/2006/relationships/printerSettings
18:58:04.821 [main] DEBUG - Save content types part
18:58:04.823 [main] DEBUG - Save package relationships
18:58:04.825 [main] DEBUG - Save part 'docProps/app.xml'
18:58:04.826 [main] DEBUG - Save part 'docProps/core.xml'
18:58:04.828 [main] DEBUG - Save part 'xl/printerSettings/printerSettings1.bin'
18:58:04.829 [main] DEBUG - Save part 'xl/sharedStrings.xml'
18:58:04.830 [main] DEBUG - Save part 'xl/styles.xml'
18:58:04.831 [main] DEBUG - Save part 'xl/theme/theme1.xml'
18:58:04.832 [main] DEBUG - Save part 'xl/workbook.xml'
18:58:04.835 [main] DEBUG - Save part 'xl/worksheets/sheet1.xml'
18:58:04.836 [main] DEBUG - Save part 'xl/worksheets/sheet2.xml'
18:58:04.837 [main] DEBUG - Save part 'xl/worksheets/sheet3.xml'
18:58:04.837 [main] DEBUG - Save part 'xl/worksheets/sheet4.xml'
18:58:04.838 [main] DEBUG - Save part 'xl/worksheets/sheet5.xml'
18:58:04.841 [main] DEBUG - Save part 'xl/worksheets/sheet6.xml'
18:58:04.842 [main] DEBUG - Save part 'xl/worksheets/sheet7.xml'
18:58:04.844 [main] DEBUG - Save part 'xl/worksheets/sheet8.xml'
18:58:04.845 [main] DEBUG - Save part 'xl/worksheets/sheet9.xml'
18:58:04.846 [main] DEBUG - Save part 'xl/worksheets/sheet10.xml'
18:58:04.847 [main] DEBUG - Save part 'xl/worksheets/sheet11.xml'
18:58:04.888 [main] DEBUG - Parsing relationship: /xl/_rels/workbook.xml.rels
18:58:04.891 [main] DEBUG - Parsing relationship: /xl/worksheets/_rels/sheet7.xml.rels
18:58:04.892 [main] DEBUG - Parsing relationship: /_rels/.rels
18:58:04.914 [main] DEBUG - using default POIXMLDocumentPart for http://schemas.openxmlformats.org/officeDocument/2006/relationships/printerSettings
18:58:05.004 [main] DEBUG - Save content types part
18:58:05.006 [main] DEBUG - Save package relationships
18:58:05.010 [main] DEBUG - Save part 'docProps/app.xml'
18:58:05.010 [main] DEBUG - Save part 'docProps/core.xml'
18:58:05.013 [main] DEBUG - Save part 'xl/printerSettings/printerSettings1.bin'
18:58:05.013 [main] DEBUG - Save part 'xl/sharedStrings.xml'
18:58:05.015 [main] DEBUG - Save part 'xl/styles.xml'
18:58:05.015 [main] DEBUG - Save part 'xl/theme/theme1.xml'
18:58:05.016 [main] DEBUG - Save part 'xl/workbook.xml'
18:58:05.018 [main] DEBUG - Save part 'xl/worksheets/sheet1.xml'
18:58:05.019 [main] DEBUG - Save part 'xl/worksheets/sheet2.xml'
18:58:05.019 [main] DEBUG - Save part 'xl/worksheets/sheet3.xml'
18:58:05.019 [main] DEBUG - Save part 'xl/worksheets/sheet4.xml'
18:58:05.020 [main] DEBUG - Save part 'xl/worksheets/sheet5.xml'
18:58:05.021 [main] DEBUG - Save part 'xl/worksheets/sheet6.xml'
18:58:05.022 [main] DEBUG - Save part 'xl/worksheets/sheet7.xml'
18:58:05.024 [main] DEBUG - Save part 'xl/worksheets/sheet8.xml'
18:58:05.025 [main] DEBUG - Save part 'xl/worksheets/sheet9.xml'
18:58:05.026 [main] DEBUG - Save part 'xl/worksheets/sheet10.xml'
18:58:05.027 [main] DEBUG - Save part 'xl/worksheets/sheet11.xml'
18:58:05.076 [main] DEBUG - Parsing relationship: /xl/_rels/workbook.xml.rels
18:58:05.078 [main] DEBUG - Parsing relationship: /xl/worksheets/_rels/sheet7.xml.rels
18:58:05.079 [main] DEBUG - Parsing relationship: /_rels/.rels
18:58:05.097 [main] DEBUG - using default POIXMLDocumentPart for http://schemas.openxmlformats.org/officeDocument/2006/relationships/printerSettings
18:58:05.182 [main] DEBUG - Save content types part
18:58:05.184 [main] DEBUG - Save package relationships
18:58:05.186 [main] DEBUG - Save part 'docProps/app.xml'
18:58:05.187 [main] DEBUG - Save part 'docProps/core.xml'
18:58:05.190 [main] DEBUG - Save part 'xl/printerSettings/printerSettings1.bin'
18:58:05.191 [main] DEBUG - Save part 'xl/sharedStrings.xml'
18:58:05.192 [main] DEBUG - Save part 'xl/styles.xml'
18:58:05.193 [main] DEBUG - Save part 'xl/theme/theme1.xml'
18:58:05.194 [main] DEBUG - Save part 'xl/workbook.xml'
18:58:05.196 [main] DEBUG - Save part 'xl/worksheets/sheet1.xml'
18:58:05.196 [main] DEBUG - Save part 'xl/worksheets/sheet2.xml'
18:58:05.196 [main] DEBUG - Save part 'xl/worksheets/sheet3.xml'
18:58:05.197 [main] DEBUG - Save part 'xl/worksheets/sheet4.xml'
18:58:05.197 [main] DEBUG - Save part 'xl/worksheets/sheet5.xml'
18:58:05.198 [main] DEBUG - Save part 'xl/worksheets/sheet6.xml'
18:58:05.199 [main] DEBUG - Save part 'xl/worksheets/sheet7.xml'
18:58:05.201 [main] DEBUG - Save part 'xl/worksheets/sheet8.xml'
18:58:05.202 [main] DEBUG - Save part 'xl/worksheets/sheet9.xml'
18:58:05.202 [main] DEBUG - Save part 'xl/worksheets/sheet10.xml'
18:58:05.203 [main] DEBUG - Save part 'xl/worksheets/sheet11.xml'
18:58:19.224 [main] DEBUG - Parsing relationship: /xl/_rels/workbook.xml.rels
18:58:19.226 [main] DEBUG - Parsing relationship: /xl/worksheets/_rels/sheet7.xml.rels
18:58:19.227 [main] DEBUG - Parsing relationship: /_rels/.rels
18:58:19.243 [main] DEBUG - using default POIXMLDocumentPart for http://schemas.openxmlformats.org/officeDocument/2006/relationships/printerSettings
18:58:19.312 [main] DEBUG - Save content types part
18:58:19.314 [main] DEBUG - Save package relationships
18:58:19.316 [main] DEBUG - Save part 'docProps/app.xml'
18:58:19.317 [main] DEBUG - Save part 'docProps/core.xml'
18:58:19.320 [main] DEBUG - Save part 'xl/printerSettings/printerSettings1.bin'
18:58:19.320 [main] DEBUG - Save part 'xl/sharedStrings.xml'
18:58:19.322 [main] DEBUG - Save part 'xl/styles.xml'
18:58:19.323 [main] DEBUG - Save part 'xl/theme/theme1.xml'
18:58:19.323 [main] DEBUG - Save part 'xl/workbook.xml'
18:58:19.326 [main] DEBUG - Save part 'xl/worksheets/sheet1.xml'
18:58:19.327 [main] DEBUG - Save part 'xl/worksheets/sheet2.xml'
18:58:19.327 [main] DEBUG - Save part 'xl/worksheets/sheet3.xml'
18:58:19.328 [main] DEBUG - Save part 'xl/worksheets/sheet4.xml'
18:58:19.328 [main] DEBUG - Save part 'xl/worksheets/sheet5.xml'
18:58:19.329 [main] DEBUG - Save part 'xl/worksheets/sheet6.xml'
18:58:19.330 [main] DEBUG - Save part 'xl/worksheets/sheet7.xml'
18:58:19.331 [main] DEBUG - Save part 'xl/worksheets/sheet8.xml'
18:58:19.332 [main] DEBUG - Save part 'xl/worksheets/sheet9.xml'
18:58:19.333 [main] DEBUG - Save part 'xl/worksheets/sheet10.xml'
18:58:19.333 [main] DEBUG - Save part 'xl/worksheets/sheet11.xml'
18:58:19.395 [main] DEBUG - Parsing relationship: /xl/_rels/workbook.xml.rels
18:58:19.398 [main] DEBUG - Parsing relationship: /xl/worksheets/_rels/sheet7.xml.rels
18:58:19.399 [main] DEBUG - Parsing relationship: /_rels/.rels
18:58:19.420 [main] DEBUG - using default POIXMLDocumentPart for http://schemas.openxmlformats.org/officeDocument/2006/relationships/printerSettings
18:58:19.526 [main] DEBUG - Save content types part
18:58:19.529 [main] DEBUG - Save package relationships
18:58:19.539 [main] DEBUG - Save part 'docProps/app.xml'
18:58:19.543 [main] DEBUG - Save part 'docProps/core.xml'
18:58:19.549 [main] DEBUG - Save part 'xl/printerSettings/printerSettings1.bin'
18:58:19.550 [main] DEBUG - Save part 'xl/sharedStrings.xml'
18:58:19.551 [main] DEBUG - Save part 'xl/styles.xml'
18:58:19.552 [main] DEBUG - Save part 'xl/theme/theme1.xml'
18:58:19.553 [main] DEBUG - Save part 'xl/workbook.xml'
18:58:19.565 [main] DEBUG - Save part 'xl/worksheets/sheet1.xml'
18:58:19.566 [main] DEBUG - Save part 'xl/worksheets/sheet2.xml'
18:58:19.567 [main] DEBUG - Save part 'xl/worksheets/sheet3.xml'
18:58:19.568 [main] DEBUG - Save part 'xl/worksheets/sheet4.xml'
18:58:19.569 [main] DEBUG - Save part 'xl/worksheets/sheet5.xml'
18:58:19.578 [main] DEBUG - Save part 'xl/worksheets/sheet6.xml'
18:58:19.580 [main] DEBUG - Save part 'xl/worksheets/sheet7.xml'
18:58:19.584 [main] DEBUG - Save part 'xl/worksheets/sheet8.xml'
18:58:19.585 [main] DEBUG - Save part 'xl/worksheets/sheet9.xml'
18:58:19.586 [main] DEBUG - Save part 'xl/worksheets/sheet10.xml'
18:58:19.587 [main] DEBUG - Save part 'xl/worksheets/sheet11.xml'
18:58:19.677 [main] DEBUG - Parsing relationship: /xl/_rels/workbook.xml.rels
18:58:19.678 [main] DEBUG - Parsing relationship: /xl/worksheets/_rels/sheet7.xml.rels
18:58:19.680 [main] DEBUG - Parsing relationship: /_rels/.rels
18:58:19.699 [main] DEBUG - using default POIXMLDocumentPart for http://schemas.openxmlformats.org/officeDocument/2006/relationships/printerSettings
18:58:19.778 [main] DEBUG - Save content types part
18:58:19.780 [main] DEBUG - Save package relationships
18:58:19.781 [main] DEBUG - Save part 'docProps/app.xml'
18:58:19.782 [main] DEBUG - Save part 'docProps/core.xml'
18:58:19.784 [main] DEBUG - Save part 'xl/printerSettings/printerSettings1.bin'
18:58:19.784 [main] DEBUG - Save part 'xl/sharedStrings.xml'
18:58:19.785 [main] DEBUG - Save part 'xl/styles.xml'
18:58:19.785 [main] DEBUG - Save part 'xl/theme/theme1.xml'
18:58:19.786 [main] DEBUG - Save part 'xl/workbook.xml'
18:58:19.788 [main] DEBUG - Save part 'xl/worksheets/sheet1.xml'
18:58:19.789 [main] DEBUG - Save part 'xl/worksheets/sheet2.xml'
18:58:19.790 [main] DEBUG - Save part 'xl/worksheets/sheet3.xml'
18:58:19.790 [main] DEBUG - Save part 'xl/worksheets/sheet4.xml'
18:58:19.791 [main] DEBUG - Save part 'xl/worksheets/sheet5.xml'
18:58:19.792 [main] DEBUG - Save part 'xl/worksheets/sheet6.xml'
18:58:19.792 [main] DEBUG - Save part 'xl/worksheets/sheet7.xml'
18:58:19.794 [main] DEBUG - Save part 'xl/worksheets/sheet8.xml'
18:58:19.795 [main] DEBUG - Save part 'xl/worksheets/sheet9.xml'
18:58:19.795 [main] DEBUG - Save part 'xl/worksheets/sheet10.xml'
18:58:19.796 [main] DEBUG - Save part 'xl/worksheets/sheet11.xml'
18:58:19.832 [main] DEBUG - Parsing relationship: /xl/_rels/workbook.xml.rels
18:58:19.833 [main] DEBUG - Parsing relationship: /xl/worksheets/_rels/sheet7.xml.rels
18:58:19.834 [main] DEBUG - Parsing relationship: /_rels/.rels
18:58:19.859 [main] DEBUG - using default POIXMLDocumentPart for http://schemas.openxmlformats.org/officeDocument/2006/relationships/printerSettings
18:58:19.929 [main] DEBUG - Save content types part
18:58:19.931 [main] DEBUG - Save package relationships
18:58:19.933 [main] DEBUG - Save part 'docProps/app.xml'
18:58:19.934 [main] DEBUG - Save part 'docProps/core.xml'
18:58:19.936 [main] DEBUG - Save part 'xl/printerSettings/printerSettings1.bin'
18:58:19.938 [main] DEBUG - Save part 'xl/sharedStrings.xml'
18:58:19.939 [main] DEBUG - Save part 'xl/styles.xml'
18:58:19.940 [main] DEBUG - Save part 'xl/theme/theme1.xml'
