20:19:04.552 [main] DEBUG - Save part 'xl/worksheets/sheet1.xml'
20:19:04.602 [main] DEBUG - Save part 'xl/worksheets/sheet2.xml'
20:19:04.603 [main] DEBUG - Save part 'xl/worksheets/sheet3.xml'
20:19:04.604 [main] DEBUG - Save part 'xl/worksheets/sheet4.xml'
20:19:04.605 [main] DEBUG - Save part 'xl/worksheets/sheet5.xml'
20:19:04.606 [main] DEBUG - Save part 'xl/worksheets/sheet6.xml'
20:19:04.607 [main] DEBUG - Save part 'xl/worksheets/sheet7.xml'
20:19:04.610 [main] DEBUG - Save part 'xl/worksheets/sheet8.xml'
20:19:04.611 [main] DEBUG - Save part 'xl/worksheets/sheet9.xml'
20:19:04.612 [main] DEBUG - Save part 'xl/worksheets/sheet10.xml'
20:19:04.617 [main] DEBUG - Save part 'xl/worksheets/sheet11.xml'
20:19:07.804 [main] DEBUG - Parsing relationship: /xl/_rels/workbook.xml.rels
20:19:07.806 [main] DEBUG - Parsing relationship: /xl/worksheets/_rels/sheet7.xml.rels
20:19:07.808 [main] DEBUG - Parsing relationship: /_rels/.rels
20:19:07.856 [main] DEBUG - using default POIXMLDocumentPart for http://schemas.openxmlformats.org/officeDocument/2006/relationships/printerSettings
20:19:08.012 [main] DEBUG - Save content types part
20:19:08.019 [main] DEBUG - Save package relationships
20:19:08.029 [main] DEBUG - Save part 'docProps/app.xml'
20:19:08.033 [main] DEBUG - Save part 'docProps/core.xml'
20:19:08.043 [main] DEBUG - Save part 'xl/printerSettings/printerSettings1.bin'
20:19:08.057 [main] DEBUG - Save part 'xl/sharedStrings.xml'
20:19:08.059 [main] DEBUG - Save part 'xl/styles.xml'
20:19:08.067 [main] DEBUG - Save part 'xl/theme/theme1.xml'
20:19:08.069 [main] DEBUG - Save part 'xl/workbook.xml'
20:19:08.091 [main] DEBUG - Save part 'xl/worksheets/sheet1.xml'
20:19:08.093 [main] DEBUG - Save part 'xl/worksheets/sheet2.xml'
20:19:08.094 [main] DEBUG - Save part 'xl/worksheets/sheet3.xml'
20:19:08.095 [main] DEBUG - Save part 'xl/worksheets/sheet4.xml'
20:19:08.096 [main] DEBUG - Save part 'xl/worksheets/sheet5.xml'
20:19:08.097 [main] DEBUG - Save part 'xl/worksheets/sheet6.xml'
20:19:08.099 [main] DEBUG - Save part 'xl/worksheets/sheet7.xml'
20:19:08.107 [main] DEBUG - Save part 'xl/worksheets/sheet8.xml'
20:19:08.108 [main] DEBUG - Save part 'xl/worksheets/sheet9.xml'
20:19:08.110 [main] DEBUG - Save part 'xl/worksheets/sheet10.xml'
20:19:08.111 [main] DEBUG - Save part 'xl/worksheets/sheet11.xml'
20:19:08.636 [main] DEBUG - Parsing relationship: /xl/_rels/workbook.xml.rels
20:19:08.638 [main] DEBUG - Parsing relationship: /xl/worksheets/_rels/sheet7.xml.rels
20:19:08.639 [main] DEBUG - Parsing relationship: /_rels/.rels
20:19:08.671 [main] DEBUG - using default POIXMLDocumentPart for http://schemas.openxmlformats.org/officeDocument/2006/relationships/printerSettings
20:19:08.794 [main] DEBUG - Save content types part
20:19:08.801 [main] DEBUG - Save package relationships
20:19:08.804 [main] DEBUG - Save part 'docProps/app.xml'
20:19:08.805 [main] DEBUG - Save part 'docProps/core.xml'
20:19:08.807 [main] DEBUG - Save part 'xl/printerSettings/printerSettings1.bin'
20:19:08.808 [main] DEBUG - Save part 'xl/sharedStrings.xml'
20:19:08.809 [main] DEBUG - Save part 'xl/styles.xml'
20:19:08.810 [main] DEBUG - Save part 'xl/theme/theme1.xml'
20:19:08.811 [main] DEBUG - Save part 'xl/workbook.xml'
20:19:08.814 [main] DEBUG - Save part 'xl/worksheets/sheet1.xml'
20:19:08.815 [main] DEBUG - Save part 'xl/worksheets/sheet2.xml'
20:19:08.815 [main] DEBUG - Save part 'xl/worksheets/sheet3.xml'
20:19:08.817 [main] DEBUG - Save part 'xl/worksheets/sheet4.xml'
20:19:08.819 [main] DEBUG - Save part 'xl/worksheets/sheet5.xml'
20:19:08.820 [main] DEBUG - Save part 'xl/worksheets/sheet6.xml'
20:19:08.821 [main] DEBUG - Save part 'xl/worksheets/sheet7.xml'
20:19:08.824 [main] DEBUG - Save part 'xl/worksheets/sheet8.xml'
20:19:08.825 [main] DEBUG - Save part 'xl/worksheets/sheet9.xml'
20:19:08.826 [main] DEBUG - Save part 'xl/worksheets/sheet10.xml'
20:19:08.827 [main] DEBUG - Save part 'xl/worksheets/sheet11.xml'
20:19:09.127 [main] DEBUG - Parsing relationship: /xl/_rels/workbook.xml.rels
20:19:09.129 [main] DEBUG - Parsing relationship: /xl/worksheets/_rels/sheet7.xml.rels
20:19:09.133 [main] DEBUG - Parsing relationship: /_rels/.rels
20:19:09.185 [main] DEBUG - using default POIXMLDocumentPart for http://schemas.openxmlformats.org/officeDocument/2006/relationships/printerSettings
20:19:09.366 [main] DEBUG - Save content types part
20:19:09.373 [main] DEBUG - Save package relationships
20:19:09.377 [main] DEBUG - Save part 'docProps/app.xml'
20:19:09.378 [main] DEBUG - Save part 'docProps/core.xml'
20:19:09.385 [main] DEBUG - Save part 'xl/printerSettings/printerSettings1.bin'
20:19:09.386 [main] DEBUG - Save part 'xl/sharedStrings.xml'
20:19:09.388 [main] DEBUG - Save part 'xl/styles.xml'
20:19:09.390 [main] DEBUG - Save part 'xl/theme/theme1.xml'
20:19:09.391 [main] DEBUG - Save part 'xl/workbook.xml'
20:19:09.396 [main] DEBUG - Save part 'xl/worksheets/sheet1.xml'
20:19:09.398 [main] DEBUG - Save part 'xl/worksheets/sheet2.xml'
20:19:09.399 [main] DEBUG - Save part 'xl/worksheets/sheet3.xml'
20:19:09.401 [main] DEBUG - Save part 'xl/worksheets/sheet4.xml'
20:19:09.403 [main] DEBUG - Save part 'xl/worksheets/sheet5.xml'
20:19:09.405 [main] DEBUG - Save part 'xl/worksheets/sheet6.xml'
20:19:09.406 [main] DEBUG - Save part 'xl/worksheets/sheet7.xml'
20:19:09.410 [main] DEBUG - Save part 'xl/worksheets/sheet8.xml'
20:19:09.412 [main] DEBUG - Save part 'xl/worksheets/sheet9.xml'
20:19:09.413 [main] DEBUG - Save part 'xl/worksheets/sheet10.xml'
20:19:09.414 [main] DEBUG - Save part 'xl/worksheets/sheet11.xml'
20:19:10.353 [main] DEBUG - Parsing relationship: /xl/_rels/workbook.xml.rels
20:19:10.355 [main] DEBUG - Parsing relationship: /xl/worksheets/_rels/sheet7.xml.rels
20:19:10.357 [main] DEBUG - Parsing relationship: /_rels/.rels
20:19:10.396 [main] DEBUG - using default POIXMLDocumentPart for http://schemas.openxmlformats.org/officeDocument/2006/relationships/printerSettings
20:19:10.598 [main] DEBUG - Save content types part
20:19:10.603 [main] DEBUG - Save package relationships
20:19:10.607 [main] DEBUG - Save part 'docProps/app.xml'
20:19:10.608 [main] DEBUG - Save part 'docProps/core.xml'
20:19:10.612 [main] DEBUG - Save part 'xl/printerSettings/printerSettings1.bin'
20:19:10.613 [main] DEBUG - Save part 'xl/sharedStrings.xml'
20:19:10.617 [main] DEBUG - Save part 'xl/styles.xml'
20:19:10.620 [main] DEBUG - Save part 'xl/theme/theme1.xml'
20:19:10.622 [main] DEBUG - Save part 'xl/workbook.xml'
20:19:10.626 [main] DEBUG - Save part 'xl/worksheets/sheet1.xml'
20:19:10.627 [main] DEBUG - Save part 'xl/worksheets/sheet2.xml'
20:19:10.627 [main] DEBUG - Save part 'xl/worksheets/sheet3.xml'
20:19:10.628 [main] DEBUG - Save part 'xl/worksheets/sheet4.xml'
20:19:10.629 [main] DEBUG - Save part 'xl/worksheets/sheet5.xml'
20:19:10.632 [main] DEBUG - Save part 'xl/worksheets/sheet6.xml'
20:19:10.633 [main] DEBUG - Save part 'xl/worksheets/sheet7.xml'
20:19:10.638 [main] DEBUG - Save part 'xl/worksheets/sheet8.xml'
20:19:10.640 [main] DEBUG - Save part 'xl/worksheets/sheet9.xml'
20:19:10.641 [main] DEBUG - Save part 'xl/worksheets/sheet10.xml'
20:19:10.643 [main] DEBUG - Save part 'xl/worksheets/sheet11.xml'
20:19:11.146 [main] DEBUG - Parsing relationship: /xl/_rels/workbook.xml.rels
20:19:11.149 [main] DEBUG - Parsing relationship: /xl/worksheets/_rels/sheet7.xml.rels
20:19:11.151 [main] DEBUG - Parsing relationship: /_rels/.rels
20:19:11.179 [main] DEBUG - using default POIXMLDocumentPart for http://schemas.openxmlformats.org/officeDocument/2006/relationships/printerSettings
20:19:11.282 [main] DEBUG - Save content types part
20:19:11.286 [main] DEBUG - Save package relationships
20:19:11.288 [main] DEBUG - Save part 'docProps/app.xml'
20:19:11.289 [main] DEBUG - Save part 'docProps/core.xml'
20:19:11.291 [main] DEBUG - Save part 'xl/printerSettings/printerSettings1.bin'
20:19:11.292 [main] DEBUG - Save part 'xl/sharedStrings.xml'
20:19:11.293 [main] DEBUG - Save part 'xl/styles.xml'
20:19:11.294 [main] DEBUG - Save part 'xl/theme/theme1.xml'
20:19:11.296 [main] DEBUG - Save part 'xl/workbook.xml'
20:19:11.301 [main] DEBUG - Save part 'xl/worksheets/sheet1.xml'
20:19:11.302 [main] DEBUG - Save part 'xl/worksheets/sheet2.xml'
20:19:11.303 [main] DEBUG - Save part 'xl/worksheets/sheet3.xml'
20:19:11.303 [main] DEBUG - Save part 'xl/worksheets/sheet4.xml'
20:19:11.305 [main] DEBUG - Save part 'xl/worksheets/sheet5.xml'
20:19:11.306 [main] DEBUG - Save part 'xl/worksheets/sheet6.xml'
20:19:11.307 [main] DEBUG - Save part 'xl/worksheets/sheet7.xml'
20:19:11.310 [main] DEBUG - Save part 'xl/worksheets/sheet8.xml'
20:19:11.311 [main] DEBUG - Save part 'xl/worksheets/sheet9.xml'
20:19:11.316 [main] DEBUG - Save part 'xl/worksheets/sheet10.xml'
20:19:11.318 [main] DEBUG - Save part 'xl/worksheets/sheet11.xml'
20:19:11.357 [main] DEBUG - Parsing relationship: /xl/_rels/workbook.xml.rels
20:19:11.358 [main] DEBUG - Parsing relationship: /xl/worksheets/_rels/sheet7.xml.rels
20:19:11.359 [main] DEBUG - Parsing relationship: /_rels/.rels
20:19:11.399 [main] DEBUG - using default POIXMLDocumentPart for http://schemas.openxmlformats.org/officeDocument/2006/relationships/printerSettings
20:19:11.516 [main] DEBUG - Save content types part
20:19:11.518 [main] DEBUG - Save package relationships
20:19:11.520 [main] DEBUG - Save part 'docProps/app.xml'
20:19:11.521 [main] DEBUG - Save part 'docProps/core.xml'
20:19:11.524 [main] DEBUG - Save part 'xl/printerSettings/printerSettings1.bin'
20:19:11.524 [main] DEBUG - Save part 'xl/sharedStrings.xml'
20:19:11.526 [main] DEBUG - Save part 'xl/styles.xml'
20:19:11.527 [main] DEBUG - Save part 'xl/theme/theme1.xml'
20:19:11.528 [main] DEBUG - Save part 'xl/workbook.xml'
20:19:11.531 [main] DEBUG - Save part 'xl/worksheets/sheet1.xml'
20:19:11.533 [main] DEBUG - Save part 'xl/worksheets/sheet2.xml'
20:19:11.533 [main] DEBUG - Save part 'xl/worksheets/sheet3.xml'
20:19:11.533 [main] DEBUG - Save part 'xl/worksheets/sheet4.xml'
20:19:11.534 [main] DEBUG - Save part 'xl/worksheets/sheet5.xml'
20:19:11.535 [main] DEBUG - Save part 'xl/worksheets/sheet6.xml'
20:19:11.536 [main] DEBUG - Save part 'xl/worksheets/sheet7.xml'
20:19:11.539 [main] DEBUG - Save part 'xl/worksheets/sheet8.xml'
20:19:11.541 [main] DEBUG - Save part 'xl/worksheets/sheet9.xml'
20:19:11.542 [main] DEBUG - Save part 'xl/worksheets/sheet10.xml'
20:19:11.543 [main] DEBUG - Save part 'xl/worksheets/sheet11.xml'
20:19:12.371 [main] DEBUG - Parsing relationship: /xl/_rels/workbook.xml.rels
20:19:12.373 [main] DEBUG - Parsing relationship: /xl/worksheets/_rels/sheet7.xml.rels
20:19:12.374 [main] DEBUG - Parsing relationship: /_rels/.rels
20:19:12.421 [main] DEBUG - using default POIXMLDocumentPart for http://schemas.openxmlformats.org/officeDocument/2006/relationships/printerSettings
20:19:12.586 [main] DEBUG - Save content types part
20:19:12.592 [main] DEBUG - Save package relationships
20:19:12.596 [main] DEBUG - Save part 'docProps/app.xml'
20:19:12.599 [main] DEBUG - Save part 'docProps/core.xml'
20:19:12.603 [main] DEBUG - Save part 'xl/printerSettings/printerSettings1.bin'
20:19:12.605 [main] DEBUG - Save part 'xl/sharedStrings.xml'
20:19:12.607 [main] DEBUG - Save part 'xl/styles.xml'
20:19:12.609 [main] DEBUG - Save part 'xl/theme/theme1.xml'
20:19:12.610 [main] DEBUG - Save part 'xl/workbook.xml'
20:19:12.617 [main] DEBUG - Save part 'xl/worksheets/sheet1.xml'
20:19:12.618 [main] DEBUG - Save part 'xl/worksheets/sheet2.xml'
20:19:12.619 [main] DEBUG - Save part 'xl/worksheets/sheet3.xml'
20:19:12.620 [main] DEBUG - Save part 'xl/worksheets/sheet4.xml'
20:19:12.620 [main] DEBUG - Save part 'xl/worksheets/sheet5.xml'
20:19:12.622 [main] DEBUG - Save part 'xl/worksheets/sheet6.xml'
20:19:12.623 [main] DEBUG - Save part 'xl/worksheets/sheet7.xml'
20:19:12.628 [main] DEBUG - Save part 'xl/worksheets/sheet8.xml'
20:19:12.632 [main] DEBUG - Save part 'xl/worksheets/sheet9.xml'
20:19:12.634 [main] DEBUG - Save part 'xl/worksheets/sheet10.xml'
20:19:12.635 [main] DEBUG - Save part 'xl/worksheets/sheet11.xml'
20:19:12.744 [main] DEBUG - Parsing relationship: /xl/_rels/workbook.xml.rels
20:19:12.755 [main] DEBUG - Parsing relationship: /xl/worksheets/_rels/sheet7.xml.rels
20:19:12.757 [main] DEBUG - Parsing relationship: /_rels/.rels
20:19:12.793 [main] DEBUG - using default POIXMLDocumentPart for http://schemas.openxmlformats.org/officeDocument/2006/relationships/printerSettings
20:19:12.959 [main] DEBUG - Save content types part
20:19:12.964 [main] DEBUG - Save package relationships
20:19:12.968 [main] DEBUG - Save part 'docProps/app.xml'
20:19:12.970 [main] DEBUG - Save part 'docProps/core.xml'
20:19:12.974 [main] DEBUG - Save part 'xl/printerSettings/printerSettings1.bin'
20:19:12.975 [main] DEBUG - Save part 'xl/sharedStrings.xml'
20:19:12.976 [main] DEBUG - Save part 'xl/styles.xml'
20:19:12.979 [main] DEBUG - Save part 'xl/theme/theme1.xml'
20:19:12.980 [main] DEBUG - Save part 'xl/workbook.xml'
20:19:12.986 [main] DEBUG - Save part 'xl/worksheets/sheet1.xml'
20:19:12.988 [main] DEBUG - Save part 'xl/worksheets/sheet2.xml'
20:19:12.988 [main] DEBUG - Save part 'xl/worksheets/sheet3.xml'
20:19:12.989 [main] DEBUG - Save part 'xl/worksheets/sheet4.xml'
20:19:12.990 [main] DEBUG - Save part 'xl/worksheets/sheet5.xml'
20:19:12.992 [main] DEBUG - Save part 'xl/worksheets/sheet6.xml'
20:19:12.994 [main] DEBUG - Save part 'xl/worksheets/sheet7.xml'
20:19:13.000 [main] DEBUG - Save part 'xl/worksheets/sheet8.xml'
20:19:13.002 [main] DEBUG - Save part 'xl/worksheets/sheet9.xml'
20:19:13.003 [main] DEBUG - Save part 'xl/worksheets/sheet10.xml'
20:19:13.004 [main] DEBUG - Save part 'xl/worksheets/sheet11.xml'
20:19:13.188 [main] DEBUG - Parsing relationship: /xl/_rels/workbook.xml.rels
20:19:13.191 [main] DEBUG - Parsing relationship: /xl/worksheets/_rels/sheet7.xml.rels
20:19:13.193 [main] DEBUG - Parsing relationship: /_rels/.rels
20:19:13.230 [main] DEBUG - using default POIXMLDocumentPart for http://schemas.openxmlformats.org/officeDocument/2006/relationships/printerSettings
20:19:13.412 [main] DEBUG - Save content types part
20:19:13.417 [main] DEBUG - Save package relationships
20:19:13.420 [main] DEBUG - Save part 'docProps/app.xml'
20:19:13.422 [main] DEBUG - Save part 'docProps/core.xml'
20:19:13.425 [main] DEBUG - Save part 'xl/printerSettings/printerSettings1.bin'
20:19:13.426 [main] DEBUG - Save part 'xl/sharedStrings.xml'
20:19:13.457 [main] DEBUG - Save part 'xl/styles.xml'
20:19:13.458 [main] DEBUG - Save part 'xl/theme/theme1.xml'
20:19:13.459 [main] DEBUG - Save part 'xl/workbook.xml'
20:19:13.466 [main] DEBUG - Save part 'xl/worksheets/sheet1.xml'
20:19:13.467 [main] DEBUG - Save part 'xl/worksheets/sheet2.xml'
20:19:13.467 [main] DEBUG - Save part 'xl/worksheets/sheet3.xml'
20:19:13.468 [main] DEBUG - Save part 'xl/worksheets/sheet4.xml'
20:19:13.469 [main] DEBUG - Save part 'xl/worksheets/sheet5.xml'
20:19:13.470 [main] DEBUG - Save part 'xl/worksheets/sheet6.xml'
20:19:13.471 [main] DEBUG - Save part 'xl/worksheets/sheet7.xml'
20:19:13.474 [main] DEBUG - Save part 'xl/worksheets/sheet8.xml'
20:19:13.475 [main] DEBUG - Save part 'xl/worksheets/sheet9.xml'
20:19:13.476 [main] DEBUG - Save part 'xl/worksheets/sheet10.xml'
20:19:13.476 [main] DEBUG - Save part 'xl/worksheets/sheet11.xml'
20:19:14.808 [main] DEBUG - Parsing relationship: /xl/_rels/workbook.xml.rels
20:19:14.810 [main] DEBUG - Parsing relationship: /xl/worksheets/_rels/sheet7.xml.rels
20:19:14.812 [main] DEBUG - Parsing relationship: /_rels/.rels
20:19:14.858 [main] DEBUG - using default POIXMLDocumentPart for http://schemas.openxmlformats.org/officeDocument/2006/relationships/printerSettings
20:19:15.073 [main] DEBUG - Save content types part
20:19:15.080 [main] DEBUG - Save package relationships
20:19:15.084 [main] DEBUG - Save part 'docProps/app.xml'
20:19:15.087 [main] DEBUG - Save part 'docProps/core.xml'
20:19:15.101 [main] DEBUG - Save part 'xl/printerSettings/printerSettings1.bin'
20:19:15.103 [main] DEBUG - Save part 'xl/sharedStrings.xml'
20:19:15.105 [main] DEBUG - Save part 'xl/styles.xml'
20:19:15.106 [main] DEBUG - Save part 'xl/theme/theme1.xml'
20:19:15.107 [main] DEBUG - Save part 'xl/workbook.xml'
20:19:15.118 [main] DEBUG - Save part 'xl/worksheets/sheet1.xml'
20:19:15.120 [main] DEBUG - Save part 'xl/worksheets/sheet2.xml'
20:19:15.121 [main] DEBUG - Save part 'xl/worksheets/sheet3.xml'
20:19:15.122 [main] DEBUG - Save part 'xl/worksheets/sheet4.xml'
20:19:15.126 [main] DEBUG - Save part 'xl/worksheets/sheet5.xml'
20:19:15.129 [main] DEBUG - Save part 'xl/worksheets/sheet6.xml'
20:19:15.130 [main] DEBUG - Save part 'xl/worksheets/sheet7.xml'
20:19:15.134 [main] DEBUG - Save part 'xl/worksheets/sheet8.xml'
20:19:15.135 [main] DEBUG - Save part 'xl/worksheets/sheet9.xml'
20:19:15.135 [main] DEBUG - Save part 'xl/worksheets/sheet10.xml'
20:19:15.136 [main] DEBUG - Save part 'xl/worksheets/sheet11.xml'
20:19:15.558 [main] DEBUG - Parsing relationship: /xl/_rels/workbook.xml.rels
20:19:15.560 [main] DEBUG - Parsing relationship: /xl/worksheets/_rels/sheet7.xml.rels
20:19:15.561 [main] DEBUG - Parsing relationship: /_rels/.rels
20:19:15.581 [main] DEBUG - using default POIXMLDocumentPart for http://schemas.openxmlformats.org/officeDocument/2006/relationships/printerSettings
20:19:15.669 [main] DEBUG - Save content types part
20:19:15.671 [main] DEBUG - Save package relationships
20:19:15.673 [main] DEBUG - Save part 'docProps/app.xml'
20:19:15.674 [main] DEBUG - Save part 'docProps/core.xml'
20:19:15.676 [main] DEBUG - Save part 'xl/printerSettings/printerSettings1.bin'
20:19:15.677 [main] DEBUG - Save part 'xl/sharedStrings.xml'
20:19:15.678 [main] DEBUG - Save part 'xl/styles.xml'
20:19:15.680 [main] DEBUG - Save part 'xl/theme/theme1.xml'
20:19:15.681 [main] DEBUG - Save part 'xl/workbook.xml'
20:19:15.684 [main] DEBUG - Save part 'xl/worksheets/sheet1.xml'
20:19:15.685 [main] DEBUG - Save part 'xl/worksheets/sheet2.xml'
20:19:15.685 [main] DEBUG - Save part 'xl/worksheets/sheet3.xml'
20:19:15.686 [main] DEBUG - Save part 'xl/worksheets/sheet4.xml'
20:19:15.687 [main] DEBUG - Save part 'xl/worksheets/sheet5.xml'
20:19:15.688 [main] DEBUG - Save part 'xl/worksheets/sheet6.xml'
20:19:15.689 [main] DEBUG - Save part 'xl/worksheets/sheet7.xml'
20:19:15.691 [main] DEBUG - Save part 'xl/worksheets/sheet8.xml'
20:19:15.693 [main] DEBUG - Save part 'xl/worksheets/sheet9.xml'
20:19:15.693 [main] DEBUG - Save part 'xl/worksheets/sheet10.xml'
20:19:15.694 [main] DEBUG - Save part 'xl/worksheets/sheet11.xml'
20:19:15.740 [main] DEBUG - Parsing relationship: /xl/_rels/workbook.xml.rels
20:19:15.742 [main] DEBUG - Parsing relationship: /xl/worksheets/_rels/sheet7.xml.rels
20:19:15.744 [main] DEBUG - Parsing relationship: /_rels/.rels
20:19:15.766 [main] DEBUG - using default POIXMLDocumentPart for http://schemas.openxmlformats.org/officeDocument/2006/relationships/printerSettings
20:19:15.856 [main] DEBUG - Save content types part
20:19:15.859 [main] DEBUG - Save package relationships
20:19:15.862 [main] DEBUG - Save part 'docProps/app.xml'
20:19:15.864 [main] DEBUG - Save part 'docProps/core.xml'
20:19:15.868 [main] DEBUG - Save part 'xl/printerSettings/printerSettings1.bin'
20:19:15.869 [main] DEBUG - Save part 'xl/sharedStrings.xml'
20:19:15.870 [main] DEBUG - Save part 'xl/styles.xml'
20:19:15.871 [main] DEBUG - Save part 'xl/theme/theme1.xml'
20:19:15.872 [main] DEBUG - Save part 'xl/workbook.xml'
20:19:15.876 [main] DEBUG - Save part 'xl/worksheets/sheet1.xml'
20:19:15.877 [main] DEBUG - Save part 'xl/worksheets/sheet2.xml'
20:19:15.878 [main] DEBUG - Save part 'xl/worksheets/sheet3.xml'
20:19:15.880 [main] DEBUG - Save part 'xl/worksheets/sheet4.xml'
20:19:15.882 [main] DEBUG - Save part 'xl/worksheets/sheet5.xml'
20:19:15.883 [main] DEBUG - Save part 'xl/worksheets/sheet6.xml'
20:19:15.884 [main] DEBUG - Save part 'xl/worksheets/sheet7.xml'
20:19:15.886 [main] DEBUG - Save part 'xl/worksheets/sheet8.xml'
20:19:15.887 [main] DEBUG - Save part 'xl/worksheets/sheet9.xml'
20:19:15.888 [main] DEBUG - Save part 'xl/worksheets/sheet10.xml'
20:19:15.889 [main] DEBUG - Save part 'xl/worksheets/sheet11.xml'
20:19:16.859 [main] DEBUG - Parsing relationship: /xl/_rels/workbook.xml.rels
20:19:16.861 [main] DEBUG - Parsing relationship: /xl/worksheets/_rels/sheet7.xml.rels
20:19:16.864 [main] DEBUG - Parsing relationship: /_rels/.rels
20:19:16.891 [main] DEBUG - using default POIXMLDocumentPart for http://schemas.openxmlformats.org/officeDocument/2006/relationships/printerSettings
20:19:17.038 [main] DEBUG - Save content types part
20:19:17.043 [main] DEBUG - Save package relationships
20:19:17.049 [main] DEBUG - Save part 'docProps/app.xml'
20:19:17.050 [main] DEBUG - Save part 'docProps/core.xml'
20:19:17.055 [main] DEBUG - Save part 'xl/printerSettings/printerSettings1.bin'
20:19:17.056 [main] DEBUG - Save part 'xl/sharedStrings.xml'
20:19:17.059 [main] DEBUG - Save part 'xl/styles.xml'
20:19:17.060 [main] DEBUG - Save part 'xl/theme/theme1.xml'
20:19:17.063 [main] DEBUG - Save part 'xl/workbook.xml'
20:19:17.071 [main] DEBUG - Save part 'xl/worksheets/sheet1.xml'
20:19:17.075 [main] DEBUG - Save part 'xl/worksheets/sheet2.xml'
20:19:17.081 [main] DEBUG - Save part 'xl/worksheets/sheet3.xml'
20:19:17.084 [main] DEBUG - Save part 'xl/worksheets/sheet4.xml'
20:19:17.086 [main] DEBUG - Save part 'xl/worksheets/sheet5.xml'
20:19:17.090 [main] DEBUG - Save part 'xl/worksheets/sheet6.xml'
20:19:17.092 [main] DEBUG - Save part 'xl/worksheets/sheet7.xml'
20:19:17.097 [main] DEBUG - Save part 'xl/worksheets/sheet8.xml'
20:19:17.099 [main] DEBUG - Save part 'xl/worksheets/sheet9.xml'
20:19:17.100 [main] DEBUG - Save part 'xl/worksheets/sheet10.xml'
20:19:17.101 [main] DEBUG - Save part 'xl/worksheets/sheet11.xml'
20:19:17.188 [main] DEBUG - Parsing relationship: /xl/_rels/workbook.xml.rels
20:19:17.191 [main] DEBUG - Parsing relationship: /xl/worksheets/_rels/sheet7.xml.rels
20:19:17.193 [main] DEBUG - Parsing relationship: /_rels/.rels
20:19:17.227 [main] DEBUG - using default POIXMLDocumentPart for http://schemas.openxmlformats.org/officeDocument/2006/relationships/printerSettings
20:19:17.366 [main] DEBUG - Save content types part
20:19:17.369 [main] DEBUG - Save package relationships
20:19:17.373 [main] DEBUG - Save part 'docProps/app.xml'
20:19:17.373 [main] DEBUG - Save part 'docProps/core.xml'
20:19:17.379 [main] DEBUG - Save part 'xl/printerSettings/printerSettings1.bin'
20:19:17.379 [main] DEBUG - Save part 'xl/sharedStrings.xml'
20:19:17.382 [main] DEBUG - Save part 'xl/styles.xml'
20:19:17.383 [main] DEBUG - Save part 'xl/theme/theme1.xml'
20:19:17.384 [main] DEBUG - Save part 'xl/workbook.xml'
20:19:17.389 [main] DEBUG - Save part 'xl/worksheets/sheet1.xml'
20:19:17.390 [main] DEBUG - Save part 'xl/worksheets/sheet2.xml'
20:19:17.391 [main] DEBUG - Save part 'xl/worksheets/sheet3.xml'
20:19:17.392 [main] DEBUG - Save part 'xl/worksheets/sheet4.xml'
20:19:17.392 [main] DEBUG - Save part 'xl/worksheets/sheet5.xml'
20:19:17.393 [main] DEBUG - Save part 'xl/worksheets/sheet6.xml'
20:19:17.394 [main] DEBUG - Save part 'xl/worksheets/sheet7.xml'
20:19:17.399 [main] DEBUG - Save part 'xl/worksheets/sheet8.xml'
20:19:17.400 [main] DEBUG - Save part 'xl/worksheets/sheet9.xml'
20:19:17.401 [main] DEBUG - Save part 'xl/worksheets/sheet10.xml'
20:19:17.402 [main] DEBUG - Save part 'xl/worksheets/sheet11.xml'
20:19:17.438 [main] DEBUG - Parsing relationship: /xl/_rels/workbook.xml.rels
20:19:17.439 [main] DEBUG - Parsing relationship: /xl/worksheets/_rels/sheet7.xml.rels
20:19:17.440 [main] DEBUG - Parsing relationship: /_rels/.rels
20:19:17.458 [main] DEBUG - using default POIXMLDocumentPart for http://schemas.openxmlformats.org/officeDocument/2006/relationships/printerSettings
20:19:17.546 [main] DEBUG - Save content types part
20:19:17.549 [main] DEBUG - Save package relationships
20:19:17.551 [main] DEBUG - Save part 'docProps/app.xml'
20:19:17.552 [main] DEBUG - Save part 'docProps/core.xml'
20:19:17.554 [main] DEBUG - Save part 'xl/printerSettings/printerSettings1.bin'
20:19:17.555 [main] DEBUG - Save part 'xl/sharedStrings.xml'
20:19:17.556 [main] DEBUG - Save part 'xl/styles.xml'
20:19:17.557 [main] DEBUG - Save part 'xl/theme/theme1.xml'
20:19:17.557 [main] DEBUG - Save part 'xl/workbook.xml'
20:19:17.560 [main] DEBUG - Save part 'xl/worksheets/sheet1.xml'
20:19:17.560 [main] DEBUG - Save part 'xl/worksheets/sheet2.xml'
20:19:17.563 [main] DEBUG - Save part 'xl/worksheets/sheet3.xml'
20:19:17.564 [main] DEBUG - Save part 'xl/worksheets/sheet4.xml'
20:19:17.565 [main] DEBUG - Save part 'xl/worksheets/sheet5.xml'
20:19:17.568 [main] DEBUG - Save part 'xl/worksheets/sheet6.xml'
20:19:17.569 [main] DEBUG - Save part 'xl/worksheets/sheet7.xml'
20:19:17.572 [main] DEBUG - Save part 'xl/worksheets/sheet8.xml'
20:19:17.573 [main] DEBUG - Save part 'xl/worksheets/sheet9.xml'
20:19:17.574 [main] DEBUG - Save part 'xl/worksheets/sheet10.xml'
20:19:17.574 [main] DEBUG - Save part 'xl/worksheets/sheet11.xml'
20:19:18.788 [main] DEBUG - Parsing relationship: /xl/_rels/workbook.xml.rels
20:19:18.790 [main] DEBUG - Parsing relationship: /xl/worksheets/_rels/sheet7.xml.rels
20:19:18.792 [main] DEBUG - Parsing relationship: /_rels/.rels
20:19:18.818 [main] DEBUG - using default POIXMLDocumentPart for http://schemas.openxmlformats.org/officeDocument/2006/relationships/printerSettings
20:19:18.951 [main] DEBUG - Save content types part
20:19:18.955 [main] DEBUG - Save package relationships
20:19:18.958 [main] DEBUG - Save part 'docProps/app.xml'
20:19:18.959 [main] DEBUG - Save part 'docProps/core.xml'
20:19:18.970 [main] DEBUG - Save part 'xl/printerSettings/printerSettings1.bin'
20:19:18.990 [main] DEBUG - Save part 'xl/sharedStrings.xml'
20:19:19.016 [main] DEBUG - Save part 'xl/styles.xml'
20:19:19.018 [main] DEBUG - Save part 'xl/theme/theme1.xml'
20:19:19.019 [main] DEBUG - Save part 'xl/workbook.xml'
20:19:19.029 [main] DEBUG - Save part 'xl/worksheets/sheet1.xml'
20:19:19.031 [main] DEBUG - Save part 'xl/worksheets/sheet2.xml'
20:19:19.032 [main] DEBUG - Save part 'xl/worksheets/sheet3.xml'
20:19:19.034 [main] DEBUG - Save part 'xl/worksheets/sheet4.xml'
20:19:19.036 [main] DEBUG - Save part 'xl/worksheets/sheet5.xml'
20:19:19.038 [main] DEBUG - Save part 'xl/worksheets/sheet6.xml'
20:19:19.040 [main] DEBUG - Save part 'xl/worksheets/sheet7.xml'
20:19:19.045 [main] DEBUG - Save part 'xl/worksheets/sheet8.xml'
20:19:19.048 [main] DEBUG - Save part 'xl/worksheets/sheet9.xml'
20:19:19.049 [main] DEBUG - Save part 'xl/worksheets/sheet10.xml'
20:19:19.050 [main] DEBUG - Save part 'xl/worksheets/sheet11.xml'
20:19:19.217 [main] DEBUG - Parsing relationship: /xl/_rels/workbook.xml.rels
20:19:19.219 [main] DEBUG - Parsing relationship: /xl/worksheets/_rels/sheet7.xml.rels
20:19:19.220 [main] DEBUG - Parsing relationship: /_rels/.rels
20:19:19.248 [main] DEBUG - using default POIXMLDocumentPart for http://schemas.openxmlformats.org/officeDocument/2006/relationships/printerSettings
20:19:19.373 [main] DEBUG - Save content types part
20:19:19.377 [main] DEBUG - Save package relationships
20:19:19.384 [main] DEBUG - Save part 'docProps/app.xml'
20:19:19.385 [main] DEBUG - Save part 'docProps/core.xml'
20:19:19.388 [main] DEBUG - Save part 'xl/printerSettings/printerSettings1.bin'
20:19:19.389 [main] DEBUG - Save part 'xl/sharedStrings.xml'
20:19:19.391 [main] DEBUG - Save part 'xl/styles.xml'
20:19:19.392 [main] DEBUG - Save part 'xl/theme/theme1.xml'
20:19:19.393 [main] DEBUG - Save part 'xl/workbook.xml'
20:19:19.400 [main] DEBUG - Save part 'xl/worksheets/sheet1.xml'
20:19:19.401 [main] DEBUG - Save part 'xl/worksheets/sheet2.xml'
20:19:19.402 [main] DEBUG - Save part 'xl/worksheets/sheet3.xml'
20:19:19.403 [main] DEBUG - Save part 'xl/worksheets/sheet4.xml'
20:19:19.404 [main] DEBUG - Save part 'xl/worksheets/sheet5.xml'
20:19:19.406 [main] DEBUG - Save part 'xl/worksheets/sheet6.xml'
20:19:19.407 [main] DEBUG - Save part 'xl/worksheets/sheet7.xml'
20:19:19.412 [main] DEBUG - Save part 'xl/worksheets/sheet8.xml'
20:19:19.414 [main] DEBUG - Save part 'xl/worksheets/sheet9.xml'
20:19:19.415 [main] DEBUG - Save part 'xl/worksheets/sheet10.xml'
20:19:19.417 [main] DEBUG - Save part 'xl/worksheets/sheet11.xml'
20:19:19.491 [main] DEBUG - Parsing relationship: /xl/_rels/workbook.xml.rels
20:19:19.493 [main] DEBUG - Parsing relationship: /xl/worksheets/_rels/sheet7.xml.rels
20:19:19.495 [main] DEBUG - Parsing relationship: /_rels/.rels
20:19:19.519 [main] DEBUG - using default POIXMLDocumentPart for http://schemas.openxmlformats.org/officeDocument/2006/relationships/printerSettings
20:19:19.621 [main] DEBUG - Save content types part
20:19:19.624 [main] DEBUG - Save package relationships
20:19:19.626 [main] DEBUG - Save part 'docProps/app.xml'
20:19:19.627 [main] DEBUG - Save part 'docProps/core.xml'
20:19:19.631 [main] DEBUG - Save part 'xl/printerSettings/printerSettings1.bin'
20:19:19.632 [main] DEBUG - Save part 'xl/sharedStrings.xml'
20:19:19.633 [main] DEBUG - Save part 'xl/styles.xml'
20:19:19.634 [main] DEBUG - Save part 'xl/theme/theme1.xml'
20:19:19.635 [main] DEBUG - Save part 'xl/workbook.xml'
20:19:19.638 [main] DEBUG - Save part 'xl/worksheets/sheet1.xml'
20:19:19.639 [main] DEBUG - Save part 'xl/worksheets/sheet2.xml'
20:19:19.639 [main] DEBUG - Save part 'xl/worksheets/sheet3.xml'
20:19:19.640 [main] DEBUG - Save part 'xl/worksheets/sheet4.xml'
20:19:19.640 [main] DEBUG - Save part 'xl/worksheets/sheet5.xml'
20:19:19.641 [main] DEBUG - Save part 'xl/worksheets/sheet6.xml'
20:19:19.641 [main] DEBUG - Save part 'xl/worksheets/sheet7.xml'
20:19:19.643 [main] DEBUG - Save part 'xl/worksheets/sheet8.xml'
20:19:19.643 [main] DEBUG - Save part 'xl/worksheets/sheet9.xml'
20:19:19.644 [main] DEBUG - Save part 'xl/worksheets/sheet10.xml'
20:19:19.644 [main] DEBUG - Save part 'xl/worksheets/sheet11.xml'
20:19:20.466 [main] DEBUG - Parsing relationship: /xl/_rels/workbook.xml.rels
20:19:20.469 [main] DEBUG - Parsing relationship: /xl/worksheets/_rels/sheet7.xml.rels
20:19:20.471 [main] DEBUG - Parsing relationship: /_rels/.rels
20:19:20.507 [main] DEBUG - using default POIXMLDocumentPart for http://schemas.openxmlformats.org/officeDocument/2006/relationships/printerSettings
20:19:20.633 [main] DEBUG - Save content types part
20:19:20.637 [main] DEBUG - Save package relationships
20:19:20.640 [main] DEBUG - Save part 'docProps/app.xml'
20:19:20.641 [main] DEBUG - Save part 'docProps/core.xml'
20:19:20.643 [main] DEBUG - Save part 'xl/printerSettings/printerSettings1.bin'
20:19:20.644 [main] DEBUG - Save part 'xl/sharedStrings.xml'
20:19:20.645 [main] DEBUG - Save part 'xl/styles.xml'
20:19:20.646 [main] DEBUG - Save part 'xl/theme/theme1.xml'
20:19:20.647 [main] DEBUG - Save part 'xl/workbook.xml'
20:19:20.652 [main] DEBUG - Save part 'xl/worksheets/sheet1.xml'
20:19:20.653 [main] DEBUG - Save part 'xl/worksheets/sheet2.xml'
20:19:20.653 [main] DEBUG - Save part 'xl/worksheets/sheet3.xml'
20:19:20.654 [main] DEBUG - Save part 'xl/worksheets/sheet4.xml'
20:19:20.656 [main] DEBUG - Save part 'xl/worksheets/sheet5.xml'
20:19:20.658 [main] DEBUG - Save part 'xl/worksheets/sheet6.xml'
20:19:20.659 [main] DEBUG - Save part 'xl/worksheets/sheet7.xml'
20:19:20.663 [main] DEBUG - Save part 'xl/worksheets/sheet8.xml'
20:19:20.664 [main] DEBUG - Save part 'xl/worksheets/sheet9.xml'
20:19:20.665 [main] DEBUG - Save part 'xl/worksheets/sheet10.xml'
20:19:20.665 [main] DEBUG - Save part 'xl/worksheets/sheet11.xml'
20:19:20.715 [main] DEBUG - Parsing relationship: /xl/_rels/workbook.xml.rels
20:19:20.716 [main] DEBUG - Parsing relationship: /xl/worksheets/_rels/sheet7.xml.rels
20:19:20.718 [main] DEBUG - Parsing relationship: /_rels/.rels
20:19:20.738 [main] DEBUG - using default POIXMLDocumentPart for http://schemas.openxmlformats.org/officeDocument/2006/relationships/printerSettings
20:19:20.827 [main] DEBUG - Save content types part
20:19:20.832 [main] DEBUG - Save package relationships
20:19:20.835 [main] DEBUG - Save part 'docProps/app.xml'
20:19:20.836 [main] DEBUG - Save part 'docProps/core.xml'
20:19:20.839 [main] DEBUG - Save part 'xl/printerSettings/printerSettings1.bin'
20:19:20.840 [main] DEBUG - Save part 'xl/sharedStrings.xml'
20:19:20.842 [main] DEBUG - Save part 'xl/styles.xml'
20:19:20.842 [main] DEBUG - Save part 'xl/theme/theme1.xml'
20:19:20.843 [main] DEBUG - Save part 'xl/workbook.xml'
20:19:20.848 [main] DEBUG - Save part 'xl/worksheets/sheet1.xml'
20:19:20.849 [main] DEBUG - Save part 'xl/worksheets/sheet2.xml'
20:19:20.849 [main] DEBUG - Save part 'xl/worksheets/sheet3.xml'
20:19:20.849 [main] DEBUG - Save part 'xl/worksheets/sheet4.xml'
20:19:20.850 [main] DEBUG - Save part 'xl/worksheets/sheet5.xml'
20:19:20.851 [main] DEBUG - Save part 'xl/worksheets/sheet6.xml'
20:19:20.851 [main] DEBUG - Save part 'xl/worksheets/sheet7.xml'
20:19:20.854 [main] DEBUG - Save part 'xl/worksheets/sheet8.xml'
20:19:20.854 [main] DEBUG - Save part 'xl/worksheets/sheet9.xml'
20:19:20.855 [main] DEBUG - Save part 'xl/worksheets/sheet10.xml'
20:19:20.856 [main] DEBUG - Save part 'xl/worksheets/sheet11.xml'
20:19:20.901 [main] DEBUG - Parsing relationship: /xl/_rels/workbook.xml.rels
20:19:20.903 [main] DEBUG - Parsing relationship: /xl/worksheets/_rels/sheet7.xml.rels
20:19:20.905 [main] DEBUG - Parsing relationship: /_rels/.rels
20:19:20.925 [main] DEBUG - using default POIXMLDocumentPart for http://schemas.openxmlformats.org/officeDocument/2006/relationships/printerSettings
20:19:21.023 [main] DEBUG - Save content types part
20:19:21.026 [main] DEBUG - Save package relationships
20:19:21.030 [main] DEBUG - Save part 'docProps/app.xml'
20:19:21.031 [main] DEBUG - Save part 'docProps/core.xml'
20:19:21.035 [main] DEBUG - Save part 'xl/printerSettings/printerSettings1.bin'
20:19:21.035 [main] DEBUG - Save part 'xl/sharedStrings.xml'
20:19:21.037 [main] DEBUG - Save part 'xl/styles.xml'
20:19:21.038 [main] DEBUG - Save part 'xl/theme/theme1.xml'
20:19:21.038 [main] DEBUG - Save part 'xl/workbook.xml'
20:19:21.042 [main] DEBUG - Save part 'xl/worksheets/sheet1.xml'
20:19:21.042 [main] DEBUG - Save part 'xl/worksheets/sheet2.xml'
20:19:21.043 [main] DEBUG - Save part 'xl/worksheets/sheet3.xml'
20:19:21.043 [main] DEBUG - Save part 'xl/worksheets/sheet4.xml'
20:19:21.044 [main] DEBUG - Save part 'xl/worksheets/sheet5.xml'
20:19:21.045 [main] DEBUG - Save part 'xl/worksheets/sheet6.xml'
20:19:21.045 [main] DEBUG - Save part 'xl/worksheets/sheet7.xml'
20:19:21.052 [main] DEBUG - Save part 'xl/worksheets/sheet8.xml'
20:19:21.053 [main] DEBUG - Save part 'xl/worksheets/sheet9.xml'
20:19:21.054 [main] DEBUG - Save part 'xl/worksheets/sheet10.xml'
20:19:21.055 [main] DEBUG - Save part 'xl/worksheets/sheet11.xml'
20:19:22.469 [main] DEBUG - Parsing relationship: /xl/_rels/workbook.xml.rels
20:19:22.471 [main] DEBUG - Parsing relationship: /xl/worksheets/_rels/sheet7.xml.rels
20:19:22.472 [main] DEBUG - Parsing relationship: /_rels/.rels
20:19:22.496 [main] DEBUG - using default POIXMLDocumentPart for http://schemas.openxmlformats.org/officeDocument/2006/relationships/printerSettings
20:19:22.619 [main] DEBUG - Save content types part
20:19:22.623 [main] DEBUG - Save package relationships
20:19:22.626 [main] DEBUG - Save part 'docProps/app.xml'
20:19:22.626 [main] DEBUG - Save part 'docProps/core.xml'
20:19:22.631 [main] DEBUG - Save part 'xl/printerSettings/printerSettings1.bin'
20:19:22.632 [main] DEBUG - Save part 'xl/sharedStrings.xml'
20:19:22.634 [main] DEBUG - Save part 'xl/styles.xml'
20:19:22.635 [main] DEBUG - Save part 'xl/theme/theme1.xml'
20:19:22.636 [main] DEBUG - Save part 'xl/workbook.xml'
20:19:22.640 [main] DEBUG - Save part 'xl/worksheets/sheet1.xml'
20:19:22.641 [main] DEBUG - Save part 'xl/worksheets/sheet2.xml'
20:19:22.641 [main] DEBUG - Save part 'xl/worksheets/sheet3.xml'
20:19:22.642 [main] DEBUG - Save part 'xl/worksheets/sheet4.xml'
20:19:22.643 [main] DEBUG - Save part 'xl/worksheets/sheet5.xml'
20:19:22.645 [main] DEBUG - Save part 'xl/worksheets/sheet6.xml'
20:19:22.647 [main] DEBUG - Save part 'xl/worksheets/sheet7.xml'
20:19:22.652 [main] DEBUG - Save part 'xl/worksheets/sheet8.xml'
20:19:22.654 [main] DEBUG - Save part 'xl/worksheets/sheet9.xml'
20:19:22.655 [main] DEBUG - Save part 'xl/worksheets/sheet10.xml'
20:19:22.656 [main] DEBUG - Save part 'xl/worksheets/sheet11.xml'
20:19:22.747 [main] DEBUG - Parsing relationship: /xl/_rels/workbook.xml.rels
20:19:22.750 [main] DEBUG - Parsing relationship: /xl/worksheets/_rels/sheet7.xml.rels
20:19:22.753 [main] DEBUG - Parsing relationship: /_rels/.rels
20:19:22.807 [main] DEBUG - using default POIXMLDocumentPart for http://schemas.openxmlformats.org/officeDocument/2006/relationships/printerSettings
20:19:22.930 [main] DEBUG - Save content types part
20:19:22.934 [main] DEBUG - Save package relationships
20:19:22.937 [main] DEBUG - Save part 'docProps/app.xml'
20:19:22.937 [main] DEBUG - Save part 'docProps/core.xml'
20:19:22.940 [main] DEBUG - Save part 'xl/printerSettings/printerSettings1.bin'
20:19:22.941 [main] DEBUG - Save part 'xl/sharedStrings.xml'
20:19:22.942 [main] DEBUG - Save part 'xl/styles.xml'
20:19:22.943 [main] DEBUG - Save part 'xl/theme/theme1.xml'
20:19:22.943 [main] DEBUG - Save part 'xl/workbook.xml'
20:19:22.948 [main] DEBUG - Save part 'xl/worksheets/sheet1.xml'
20:19:22.949 [main] DEBUG - Save part 'xl/worksheets/sheet2.xml'
20:19:22.950 [main] DEBUG - Save part 'xl/worksheets/sheet3.xml'
20:19:22.950 [main] DEBUG - Save part 'xl/worksheets/sheet4.xml'
20:19:22.951 [main] DEBUG - Save part 'xl/worksheets/sheet5.xml'
20:19:22.952 [main] DEBUG - Save part 'xl/worksheets/sheet6.xml'
20:19:22.952 [main] DEBUG - Save part 'xl/worksheets/sheet7.xml'
20:19:22.956 [main] DEBUG - Save part 'xl/worksheets/sheet8.xml'
20:19:22.957 [main] DEBUG - Save part 'xl/worksheets/sheet9.xml'
20:19:22.957 [main] DEBUG - Save part 'xl/worksheets/sheet10.xml'
20:19:22.957 [main] DEBUG - Save part 'xl/worksheets/sheet11.xml'
20:19:23.002 [main] DEBUG - Parsing relationship: /xl/_rels/workbook.xml.rels
20:19:23.003 [main] DEBUG - Parsing relationship: /xl/worksheets/_rels/sheet7.xml.rels
20:19:23.004 [main] DEBUG - Parsing relationship: /_rels/.rels
20:19:23.023 [main] DEBUG - using default POIXMLDocumentPart for http://schemas.openxmlformats.org/officeDocument/2006/relationships/printerSettings
20:19:23.091 [main] DEBUG - Save content types part
20:19:23.093 [main] DEBUG - Save package relationships
20:19:23.095 [main] DEBUG - Save part 'docProps/app.xml'
20:19:23.097 [main] DEBUG - Save part 'docProps/core.xml'
20:19:23.099 [main] DEBUG - Save part 'xl/printerSettings/printerSettings1.bin'
20:19:23.100 [main] DEBUG - Save part 'xl/sharedStrings.xml'
20:19:23.100 [main] DEBUG - Save part 'xl/styles.xml'
20:19:23.101 [main] DEBUG - Save part 'xl/theme/theme1.xml'
20:19:23.102 [main] DEBUG - Save part 'xl/workbook.xml'
20:19:23.104 [main] DEBUG - Save part 'xl/worksheets/sheet1.xml'
20:19:23.105 [main] DEBUG - Save part 'xl/worksheets/sheet2.xml'
20:19:23.105 [main] DEBUG - Save part 'xl/worksheets/sheet3.xml'
20:19:23.106 [main] DEBUG - Save part 'xl/worksheets/sheet4.xml'
20:19:23.106 [main] DEBUG - Save part 'xl/worksheets/sheet5.xml'
20:19:23.107 [main] DEBUG - Save part 'xl/worksheets/sheet6.xml'
20:19:23.108 [main] DEBUG - Save part 'xl/worksheets/sheet7.xml'
20:19:23.110 [main] DEBUG - Save part 'xl/worksheets/sheet8.xml'
20:19:23.110 [main] DEBUG - Save part 'xl/worksheets/sheet9.xml'
20:19:23.111 [main] DEBUG - Save part 'xl/worksheets/sheet10.xml'
20:19:23.112 [main] DEBUG - Save part 'xl/worksheets/sheet11.xml'
20:19:23.198 [main] INFO  - Hover the mouse on used cars..... 
20:19:31.457 [main] INFO  - Clicked on Chennai..... 
20:19:31.460 [main] INFO  - Generating the all the popular models of used cars in chennai..... 
20:19:31.959 [main] DEBUG - Parsing relationship: /xl/_rels/workbook.xml.rels
20:19:31.961 [main] DEBUG - Parsing relationship: /xl/worksheets/_rels/sheet7.xml.rels
20:19:31.962 [main] DEBUG - Parsing relationship: /_rels/.rels
20:19:31.982 [main] DEBUG - using default POIXMLDocumentPart for http://schemas.openxmlformats.org/officeDocument/2006/relationships/printerSettings
20:19:32.091 [main] DEBUG - Save content types part
20:19:32.097 [main] DEBUG - Save package relationships
20:19:32.099 [main] DEBUG - Save part 'docProps/app.xml'
20:19:32.099 [main] DEBUG - Save part 'docProps/core.xml'
20:19:32.103 [main] DEBUG - Save part 'xl/printerSettings/printerSettings1.bin'
20:19:32.104 [main] DEBUG - Save part 'xl/sharedStrings.xml'
20:19:32.106 [main] DEBUG - Save part 'xl/styles.xml'
20:19:32.107 [main] DEBUG - Save part 'xl/theme/theme1.xml'
20:19:32.109 [main] DEBUG - Save part 'xl/workbook.xml'
20:19:32.122 [main] DEBUG - Save part 'xl/worksheets/sheet1.xml'
20:19:32.123 [main] DEBUG - Save part 'xl/worksheets/sheet2.xml'
20:19:32.124 [main] DEBUG - Save part 'xl/worksheets/sheet3.xml'
20:19:32.124 [main] DEBUG - Save part 'xl/worksheets/sheet4.xml'
20:19:32.125 [main] DEBUG - Save part 'xl/worksheets/sheet5.xml'
20:19:32.127 [main] DEBUG - Save part 'xl/worksheets/sheet6.xml'
20:19:32.129 [main] DEBUG - Save part 'xl/worksheets/sheet7.xml'
20:19:32.133 [main] DEBUG - Save part 'xl/worksheets/sheet8.xml'
20:19:32.134 [main] DEBUG - Save part 'xl/worksheets/sheet9.xml'
20:19:32.134 [main] DEBUG - Save part 'xl/worksheets/sheet10.xml'
20:19:32.135 [main] DEBUG - Save part 'xl/worksheets/sheet11.xml'
20:19:32.176 [main] DEBUG - Parsing relationship: /xl/_rels/workbook.xml.rels
20:19:32.178 [main] DEBUG - Parsing relationship: /xl/worksheets/_rels/sheet7.xml.rels
20:19:32.179 [main] DEBUG - Parsing relationship: /_rels/.rels
20:19:32.197 [main] DEBUG - using default POIXMLDocumentPart for http://schemas.openxmlformats.org/officeDocument/2006/relationships/printerSettings
20:19:32.318 [main] DEBUG - Save content types part
20:19:32.322 [main] DEBUG - Save package relationships
20:19:32.324 [main] DEBUG - Save part 'docProps/app.xml'
20:19:32.324 [main] DEBUG - Save part 'docProps/core.xml'
20:19:32.327 [main] DEBUG - Save part 'xl/printerSettings/printerSettings1.bin'
20:19:32.328 [main] DEBUG - Save part 'xl/sharedStrings.xml'
20:19:32.329 [main] DEBUG - Save part 'xl/styles.xml'
20:19:32.331 [main] DEBUG - Save part 'xl/theme/theme1.xml'
20:19:32.332 [main] DEBUG - Save part 'xl/workbook.xml'
20:19:32.335 [main] DEBUG - Save part 'xl/worksheets/sheet1.xml'
20:19:32.335 [main] DEBUG - Save part 'xl/worksheets/sheet2.xml'
20:19:32.336 [main] DEBUG - Save part 'xl/worksheets/sheet3.xml'
20:19:32.336 [main] DEBUG - Save part 'xl/worksheets/sheet4.xml'
20:19:32.337 [main] DEBUG - Save part 'xl/worksheets/sheet5.xml'
20:19:32.338 [main] DEBUG - Save part 'xl/worksheets/sheet6.xml'
20:19:32.340 [main] DEBUG - Save part 'xl/worksheets/sheet7.xml'
20:19:32.343 [main] DEBUG - Save part 'xl/worksheets/sheet8.xml'
20:19:32.344 [main] DEBUG - Save part 'xl/worksheets/sheet9.xml'
20:19:32.344 [main] DEBUG - Save part 'xl/worksheets/sheet10.xml'
20:19:32.345 [main] DEBUG - Save part 'xl/worksheets/sheet11.xml'
20:19:32.432 [main] DEBUG - Parsing relationship: /xl/_rels/workbook.xml.rels
20:19:32.433 [main] DEBUG - Parsing relationship: /xl/worksheets/_rels/sheet7.xml.rels
20:19:32.434 [main] DEBUG - Parsing relationship: /_rels/.rels
20:19:32.454 [main] DEBUG - using default POIXMLDocumentPart for http://schemas.openxmlformats.org/officeDocument/2006/relationships/printerSettings
20:19:32.569 [main] DEBUG - Save content types part
20:19:32.574 [main] DEBUG - Save package relationships
20:19:32.583 [main] DEBUG - Save part 'docProps/app.xml'
20:19:32.583 [main] DEBUG - Save part 'docProps/core.xml'
20:19:32.588 [main] DEBUG - Save part 'xl/printerSettings/printerSettings1.bin'
20:19:32.588 [main] DEBUG - Save part 'xl/sharedStrings.xml'
20:19:32.590 [main] DEBUG - Save part 'xl/styles.xml'
20:19:32.590 [main] DEBUG - Save part 'xl/theme/theme1.xml'
20:19:32.591 [main] DEBUG - Save part 'xl/workbook.xml'
20:19:32.598 [main] DEBUG - Save part 'xl/worksheets/sheet1.xml'
20:19:32.599 [main] DEBUG - Save part 'xl/worksheets/sheet2.xml'
20:19:32.599 [main] DEBUG - Save part 'xl/worksheets/sheet3.xml'
20:19:32.600 [main] DEBUG - Save part 'xl/worksheets/sheet4.xml'
20:19:32.601 [main] DEBUG - Save part 'xl/worksheets/sheet5.xml'
20:19:32.601 [main] DEBUG - Save part 'xl/worksheets/sheet6.xml'
20:19:32.603 [main] DEBUG - Save part 'xl/worksheets/sheet7.xml'
20:19:32.607 [main] DEBUG - Save part 'xl/worksheets/sheet8.xml'
20:19:32.609 [main] DEBUG - Save part 'xl/worksheets/sheet9.xml'
20:19:32.610 [main] DEBUG - Save part 'xl/worksheets/sheet10.xml'
20:19:32.611 [main] DEBUG - Save part 'xl/worksheets/sheet11.xml'
20:19:32.718 [main] DEBUG - Parsing relationship: /xl/_rels/workbook.xml.rels
20:19:32.720 [main] DEBUG - Parsing relationship: /xl/worksheets/_rels/sheet7.xml.rels
20:19:32.721 [main] DEBUG - Parsing relationship: /_rels/.rels
20:19:32.741 [main] DEBUG - using default POIXMLDocumentPart for http://schemas.openxmlformats.org/officeDocument/2006/relationships/printerSettings
20:19:32.829 [main] DEBUG - Save content types part
20:19:32.832 [main] DEBUG - Save package relationships
20:19:32.836 [main] DEBUG - Save part 'docProps/app.xml'
20:19:32.837 [main] DEBUG - Save part 'docProps/core.xml'
20:19:32.841 [main] DEBUG - Save part 'xl/printerSettings/printerSettings1.bin'
20:19:32.842 [main] DEBUG - Save part 'xl/sharedStrings.xml'
20:19:32.844 [main] DEBUG - Save part 'xl/styles.xml'
20:19:32.845 [main] DEBUG - Save part 'xl/theme/theme1.xml'
20:19:32.846 [main] DEBUG - Save part 'xl/workbook.xml'
20:19:32.850 [main] DEBUG - Save part 'xl/worksheets/sheet1.xml'
20:19:32.851 [main] DEBUG - Save part 'xl/worksheets/sheet2.xml'
20:19:32.852 [main] DEBUG - Save part 'xl/worksheets/sheet3.xml'
20:19:32.852 [main] DEBUG - Save part 'xl/worksheets/sheet4.xml'
20:19:32.853 [main] DEBUG - Save part 'xl/worksheets/sheet5.xml'
20:19:32.854 [main] DEBUG - Save part 'xl/worksheets/sheet6.xml'
20:19:32.854 [main] DEBUG - Save part 'xl/worksheets/sheet7.xml'
20:19:32.858 [main] DEBUG - Save part 'xl/worksheets/sheet8.xml'
20:19:32.860 [main] DEBUG - Save part 'xl/worksheets/sheet9.xml'
20:19:32.860 [main] DEBUG - Save part 'xl/worksheets/sheet10.xml'
20:19:32.861 [main] DEBUG - Save part 'xl/worksheets/sheet11.xml'
20:19:33.145 [main] DEBUG - Parsing relationship: /xl/_rels/workbook.xml.rels
20:19:33.148 [main] DEBUG - Parsing relationship: /xl/worksheets/_rels/sheet7.xml.rels
20:19:33.151 [main] DEBUG - Parsing relationship: /_rels/.rels
20:19:33.193 [main] DEBUG - using default POIXMLDocumentPart for http://schemas.openxmlformats.org/officeDocument/2006/relationships/printerSettings
20:19:33.339 [main] DEBUG - Save content types part
20:19:33.344 [main] DEBUG - Save package relationships
20:19:33.348 [main] DEBUG - Save part 'docProps/app.xml'
20:19:33.349 [main] DEBUG - Save part 'docProps/core.xml'
20:19:33.352 [main] DEBUG - Save part 'xl/printerSettings/printerSettings1.bin'
20:19:33.353 [main] DEBUG - Save part 'xl/sharedStrings.xml'
20:19:33.354 [main] DEBUG - Save part 'xl/styles.xml'
20:19:33.354 [main] DEBUG - Save part 'xl/theme/theme1.xml'
20:19:33.355 [main] DEBUG - Save part 'xl/workbook.xml'
20:19:33.357 [main] DEBUG - Save part 'xl/worksheets/sheet1.xml'
20:19:33.358 [main] DEBUG - Save part 'xl/worksheets/sheet2.xml'
20:19:33.359 [main] DEBUG - Save part 'xl/worksheets/sheet3.xml'
20:19:33.359 [main] DEBUG - Save part 'xl/worksheets/sheet4.xml'
20:19:33.360 [main] DEBUG - Save part 'xl/worksheets/sheet5.xml'
20:19:33.361 [main] DEBUG - Save part 'xl/worksheets/sheet6.xml'
20:19:33.362 [main] DEBUG - Save part 'xl/worksheets/sheet7.xml'
20:19:33.365 [main] DEBUG - Save part 'xl/worksheets/sheet8.xml'
20:19:33.367 [main] DEBUG - Save part 'xl/worksheets/sheet9.xml'
20:19:33.367 [main] DEBUG - Save part 'xl/worksheets/sheet10.xml'
20:19:33.368 [main] DEBUG - Save part 'xl/worksheets/sheet11.xml'
20:19:33.437 [main] DEBUG - Parsing relationship: /xl/_rels/workbook.xml.rels
20:19:33.439 [main] DEBUG - Parsing relationship: /xl/worksheets/_rels/sheet7.xml.rels
20:19:33.439 [main] DEBUG - Parsing relationship: /_rels/.rels
20:19:33.454 [main] DEBUG - using default POIXMLDocumentPart for http://schemas.openxmlformats.org/officeDocument/2006/relationships/printerSettings
20:19:33.529 [main] DEBUG - Save content types part
20:19:33.537 [main] DEBUG - Save package relationships
20:19:33.540 [main] DEBUG - Save part 'docProps/app.xml'
20:19:33.540 [main] DEBUG - Save part 'docProps/core.xml'
20:19:33.544 [main] DEBUG - Save part 'xl/printerSettings/printerSettings1.bin'
20:19:33.545 [main] DEBUG - Save part 'xl/sharedStrings.xml'
20:19:33.548 [main] DEBUG - Save part 'xl/styles.xml'
20:19:33.548 [main] DEBUG - Save part 'xl/theme/theme1.xml'
20:19:33.549 [main] DEBUG - Save part 'xl/workbook.xml'
20:19:33.552 [main] DEBUG - Save part 'xl/worksheets/sheet1.xml'
20:19:33.552 [main] DEBUG - Save part 'xl/worksheets/sheet2.xml'
20:19:33.553 [main] DEBUG - Save part 'xl/worksheets/sheet3.xml'
20:19:33.553 [main] DEBUG - Save part 'xl/worksheets/sheet4.xml'
